Fri Feb  7 01:15:01 AM UTC 2025 : /dev/sdd1 est déjà monté.
Fri Feb  7 01:20:01 AM UTC 2025 : /dev/sdd1 est déjà monté.
Fri Feb  7 01:25:01 AM UTC 2025 : /dev/sdd1 est déjà monté.
Fri Feb  7 01:30:01 AM UTC 2025 : /dev/sdd1 est déjà monté.
Fri Feb  7 01:35:01 AM UTC 2025 : /dev/sdd1 est déjà monté.
Fri Feb  7 01:40:01 AM UTC 2025 : /dev/sdd1 est déjà monté.
Fri Feb  7 01:45:01 AM UTC 2025 : /dev/sdd1 est déjà monté.
Fri Feb  7 01:50:01 AM UTC 2025 : /dev/sdd1 est déjà monté.
Fri Feb  7 01:55:01 AM UTC 2025 : /dev/sdd1 est déjà monté.
Fri Feb  7 01:55:34 AM UTC 2025 : /dev/sdd1 est déjà monté.
Fri Feb  7 02:00:01 AM UTC 2025 : /dev/sdd1 est déjà monté.
Fri Feb  7 02:00:01 AM UTC 2025 : /dev/sdd1 est déjà monté.
Fri Feb  7 02:05:01 AM UTC 2025 : /dev/sdd1 est déjà monté.
Fri Feb  7 02:10:01 AM UTC 2025 : /dev/sdd1 est déjà monté.
Fri Feb  7 02:15:01 AM UTC 2025 : /dev/sdd1 est déjà monté.
Fri Feb  7 02:20:01 AM UTC 2025 : /dev/sdd1 est déjà monté.
Fri Feb  7 02:25:01 AM UTC 2025 : /dev/sdd1 est déjà monté.
Fri Feb  7 02:30:01 AM UTC 2025 : /dev/sdd1 est déjà monté.
Fri Feb  7 02:35:01 AM UTC 2025 : /dev/sdd1 est déjà monté.
Fri Feb  7 02:40:01 AM UTC 2025 : /dev/sdd1 est déjà monté.
Fri Feb  7 02:45:01 AM UTC 2025 : /dev/sdd1 est déjà monté.
Fri Feb  7 02:50:01 AM UTC 2025 : /dev/sdd1 est déjà monté.
Fri Feb  7 02:55:01 AM UTC 2025 : /dev/sdd1 est déjà monté.
Fri Feb  7 03:00:01 AM UTC 2025 : /dev/sdd1 est déjà monté.
Fri Feb  7 03:05:01 AM UTC 2025 : /dev/sdd1 est déjà monté.
Fri Feb  7 03:10:01 AM UTC 2025 : /dev/sdd1 est déjà monté.
Fri Feb  7 03:15:01 AM UTC 2025 : /dev/sdd1 est déjà monté.
Fri Feb  7 03:20:01 AM UTC 2025 : /dev/sdd1 est déjà monté.
Fri Feb  7 03:25:01 AM UTC 2025 : /dev/sdd1 est déjà monté.
Fri Feb  7 03:30:01 AM UTC 2025 : /dev/sdd1 est déjà monté.
Fri Feb  7 03:35:01 AM UTC 2025 : /dev/sdd1 est déjà monté.
Fri Feb  7 03:40:01 AM UTC 2025 : /dev/sdd1 est déjà monté.
Fri Feb  7 03:45:01 AM UTC 2025 : /dev/sdd1 est déjà monté.
Fri Feb  7 03:50:01 AM UTC 2025 : /dev/sdd1 est déjà monté.
Fri Feb  7 03:55:01 AM UTC 2025 : /dev/sdd1 est déjà monté.
Fri Feb  7 04:00:01 AM UTC 2025 : /dev/sdd1 est déjà monté.
Fri Feb  7 04:05:01 AM UTC 2025 : /dev/sdd1 est déjà monté.
Fri Feb  7 04:10:01 AM UTC 2025 : /dev/sdd1 est déjà monté.
Fri Feb  7 04:15:01 AM UTC 2025 : /dev/sdd1 est déjà monté.
Fri Feb  7 04:20:01 AM UTC 2025 : /dev/sdd1 est déjà monté.
Fri Feb  7 04:25:01 AM UTC 2025 : /dev/sdd1 est déjà monté.
Fri Feb  7 04:30:01 AM UTC 2025 : /dev/sdd1 est déjà monté.
Fri Feb  7 04:35:01 AM UTC 2025 : /dev/sdd1 est déjà monté.
Fri Feb  7 04:40:01 AM UTC 2025 : /dev/sdd1 est déjà monté.
Fri Feb  7 04:45:01 AM UTC 2025 : /dev/sdd1 est déjà monté.
Fri Feb  7 04:50:01 AM UTC 2025 : /dev/sdd1 est déjà monté.
Fri Feb  7 04:55:01 AM UTC 2025 : /dev/sdd1 est déjà monté.
Fri Feb  7 05:00:01 AM UTC 2025 : /dev/sdd1 est déjà monté.
Fri Feb  7 05:05:01 AM UTC 2025 : /dev/sdd1 est déjà monté.
Fri Feb  7 05:10:01 AM UTC 2025 : /dev/sdd1 est déjà monté.
Fri Feb  7 05:15:01 AM UTC 2025 : /dev/sdd1 est déjà monté.
Fri Feb  7 05:20:01 AM UTC 2025 : /dev/sdd1 est déjà monté.
Fri Feb  7 05:25:01 AM UTC 2025 : /dev/sdd1 est déjà monté.
Fri Feb  7 05:30:01 AM UTC 2025 : /dev/sdd1 est déjà monté.
Fri Feb  7 05:35:01 AM UTC 2025 : /dev/sdd1 est déjà monté.
Fri Feb  7 05:40:01 AM UTC 2025 : /dev/sdd1 est déjà monté.
Fri Feb  7 05:45:01 AM UTC 2025 : /dev/sdd1 est déjà monté.
Fri Feb  7 05:50:01 AM UTC 2025 : /dev/sdd1 est déjà monté.
Fri Feb  7 05:55:01 AM UTC 2025 : /dev/sdd1 est déjà monté.
Fri Feb  7 06:00:01 AM UTC 2025 : /dev/sdd1 est déjà monté.
Fri Feb  7 06:05:01 AM UTC 2025 : /dev/sdd1 est déjà monté.
Fri Feb  7 06:10:01 AM UTC 2025 : /dev/sdd1 est déjà monté.
Fri Feb  7 06:15:01 AM UTC 2025 : /dev/sdd1 est déjà monté.
Fri Feb  7 06:20:01 AM UTC 2025 : /dev/sdd1 est déjà monté.
Fri Feb  7 06:25:01 AM UTC 2025 : /dev/sdd1 est déjà monté.
Fri Feb  7 06:30:01 AM UTC 2025 : /dev/sdd1 est déjà monté.
Fri Feb  7 06:35:01 AM UTC 2025 : /dev/sdd1 est déjà monté.
Fri Feb  7 06:40:01 AM UTC 2025 : /dev/sdd1 est déjà monté.
Fri Feb  7 06:45:01 AM UTC 2025 : /dev/sdd1 est déjà monté.
Fri Feb  7 06:50:01 AM UTC 2025 : /dev/sdd1 est déjà monté.
Fri Feb  7 06:55:01 AM UTC 2025 : /dev/sdd1 est déjà monté.
Fri Feb  7 07:00:01 AM UTC 2025 : /dev/sdd1 est déjà monté.
Fri Feb  7 07:05:01 AM UTC 2025 : /dev/sdd1 est déjà monté.
Fri Feb  7 07:10:01 AM UTC 2025 : /dev/sdd1 est déjà monté.
Fri Feb  7 07:15:01 AM UTC 2025 : /dev/sdd1 est déjà monté.
Fri Feb  7 07:20:01 AM UTC 2025 : /dev/sdd1 est déjà monté.
Fri Feb  7 07:25:01 AM UTC 2025 : /dev/sdd1 est déjà monté.
Fri Feb  7 07:30:01 AM UTC 2025 : /dev/sdd1 est déjà monté.
Fri Feb  7 07:35:01 AM UTC 2025 : /dev/sdd1 est déjà monté.
Fri Feb  7 07:40:01 AM UTC 2025 : /dev/sdd1 est déjà monté.
Fri Feb  7 07:45:01 AM UTC 2025 : /dev/sdd1 est déjà monté.
Fri Feb  7 07:50:01 AM UTC 2025 : /dev/sdd1 est déjà monté.
Fri Feb  7 07:55:01 AM UTC 2025 : /dev/sdd1 est déjà monté.
Fri Feb  7 08:00:01 AM UTC 2025 : /dev/sdd1 est déjà monté.
Fri Feb  7 08:05:01 AM UTC 2025 : /dev/sdd1 est déjà monté.
Fri Feb  7 08:10:01 AM UTC 2025 : /dev/sdd1 est déjà monté.
Fri Feb  7 08:15:01 AM UTC 2025 : /dev/sdd1 est déjà monté.
Fri Feb  7 08:20:01 AM UTC 2025 : /dev/sdd1 est déjà monté.
Fri Feb  7 08:25:01 AM UTC 2025 : /dev/sdd1 est déjà monté.
Fri Feb  7 08:30:01 AM UTC 2025 : /dev/sdd1 est déjà monté.
Fri Feb  7 08:35:01 AM UTC 2025 : /dev/sdd1 est déjà monté.
Fri Feb  7 08:40:01 AM UTC 2025 : /dev/sdd1 est déjà monté.
Fri Feb  7 08:45:01 AM UTC 2025 : /dev/sdd1 est déjà monté.
Fri Feb  7 08:50:01 AM UTC 2025 : /dev/sdd1 est déjà monté.
Fri Feb  7 08:55:01 AM UTC 2025 : /dev/sdd1 est déjà monté.
Fri Feb  7 09:00:01 AM UTC 2025 : /dev/sdd1 est déjà monté.
Fri Feb  7 09:05:01 AM UTC 2025 : /dev/sdd1 est déjà monté.
Fri Feb  7 09:10:01 AM UTC 2025 : /dev/sdd1 est déjà monté.
Fri Feb  7 09:15:01 AM UTC 2025 : /dev/sdd1 est déjà monté.
Fri Feb  7 09:20:01 AM UTC 2025 : /dev/sdd1 est déjà monté.
Fri Feb  7 09:25:01 AM UTC 2025 : /dev/sdd1 est déjà monté.
Fri Feb  7 09:30:01 AM UTC 2025 : /dev/sdd1 est déjà monté.
Fri Feb  7 09:35:01 AM UTC 2025 : /dev/sdd1 est déjà monté.
Fri Feb  7 09:40:01 AM UTC 2025 : /dev/sdd1 est déjà monté.
Fri Feb  7 09:45:01 AM UTC 2025 : /dev/sdd1 est déjà monté.
Fri Feb  7 09:50:01 AM UTC 2025 : /dev/sdd1 est déjà monté.
Fri Feb  7 09:55:01 AM UTC 2025 : /dev/sdd1 est déjà monté.
Fri Feb  7 10:00:02 AM UTC 2025 : /dev/sdd1 est déjà monté.
Fri Feb  7 10:05:01 AM UTC 2025 : /dev/sdd1 est déjà monté.
Fri Feb  7 10:10:01 AM UTC 2025 : /dev/sdd1 est déjà monté.
Fri Feb  7 10:15:01 AM UTC 2025 : /dev/sdd1 est déjà monté.
Fri Feb  7 10:20:01 AM UTC 2025 : /dev/sdd1 est déjà monté.
Fri Feb  7 10:25:01 AM UTC 2025 : /dev/sdd1 est déjà monté.
Fri Feb  7 10:30:01 AM UTC 2025 : /dev/sdd1 est déjà monté.
Fri Feb  7 10:35:01 AM UTC 2025 : /dev/sdd1 est déjà monté.
Fri Feb  7 10:40:01 AM UTC 2025 : /dev/sdd1 est déjà monté.
Fri Feb  7 10:45:01 AM UTC 2025 : /dev/sdd1 est déjà monté.
Fri Feb  7 10:50:01 AM UTC 2025 : /dev/sdd1 est déjà monté.
Fri Feb  7 10:55:01 AM UTC 2025 : /dev/sdd1 est déjà monté.
Fri Feb  7 11:00:01 AM UTC 2025 : /dev/sdd1 est déjà monté.
Fri Feb  7 11:05:01 AM UTC 2025 : /dev/sdd1 est déjà monté.
Fri Feb  7 11:10:01 AM UTC 2025 : /dev/sdd1 est déjà monté.
Fri Feb  7 11:15:01 AM UTC 2025 : /dev/sdd1 est déjà monté.
Fri Feb  7 11:20:01 AM UTC 2025 : /dev/sdd1 est déjà monté.
Fri Feb  7 11:25:01 AM UTC 2025 : /dev/sdd1 est déjà monté.
Fri Feb  7 11:30:01 AM UTC 2025 : /dev/sdd1 est déjà monté.
Fri Feb  7 11:35:01 AM UTC 2025 : /dev/sdd1 est déjà monté.
Fri Feb  7 11:40:01 AM UTC 2025 : /dev/sdd1 est déjà monté.
Fri Feb  7 11:45:01 AM UTC 2025 : /dev/sdd1 est déjà monté.
Fri Feb  7 11:50:01 AM UTC 2025 : /dev/sdd1 est déjà monté.
Fri Feb  7 11:55:01 AM UTC 2025 : /dev/sdd1 est déjà monté.
Fri Feb  7 12:00:01 PM UTC 2025 : /dev/sdd1 est déjà monté.
Fri Feb  7 12:05:01 PM UTC 2025 : /dev/sdd1 est déjà monté.
Fri Feb  7 12:10:01 PM UTC 2025 : /dev/sdd1 est déjà monté.
Fri Feb  7 12:15:01 PM UTC 2025 : /dev/sdd1 est déjà monté.
Fri Feb  7 12:20:01 PM UTC 2025 : /dev/sdd1 est déjà monté.
Fri Feb  7 12:25:01 PM UTC 2025 : /dev/sdd1 est déjà monté.
Fri Feb  7 12:30:01 PM UTC 2025 : /dev/sdd1 est déjà monté.
Fri Feb  7 12:35:01 PM UTC 2025 : /dev/sdd1 est déjà monté.
Fri Feb  7 12:40:01 PM UTC 2025 : /dev/sdd1 est déjà monté.
Fri Feb  7 12:45:01 PM UTC 2025 : /dev/sdd1 est déjà monté.
Fri Feb  7 12:50:01 PM UTC 2025 : /dev/sdd1 est déjà monté.
Fri Feb  7 12:55:01 PM UTC 2025 : /dev/sdd1 est déjà monté.
Fri Feb  7 01:00:01 PM UTC 2025 : /dev/sdd1 est déjà monté.
Fri Feb  7 01:05:01 PM UTC 2025 : /dev/sdd1 est déjà monté.
Fri Feb  7 01:10:01 PM UTC 2025 : /dev/sdd1 est déjà monté.
Fri Feb  7 01:15:01 PM UTC 2025 : /dev/sdd1 est déjà monté.
Fri Feb  7 01:20:01 PM UTC 2025 : /dev/sdd1 est déjà monté.
Fri Feb  7 01:25:01 PM UTC 2025 : /dev/sdd1 est déjà monté.
Fri Feb  7 01:30:01 PM UTC 2025 : /dev/sdd1 est déjà monté.
Fri Feb  7 01:35:01 PM UTC 2025 : /dev/sdd1 est déjà monté.
Fri Feb  7 01:40:01 PM UTC 2025 : /dev/sdd1 est déjà monté.
Fri Feb  7 01:45:01 PM UTC 2025 : /dev/sdd1 est déjà monté.
Fri Feb  7 01:50:01 PM UTC 2025 : /dev/sdd1 est déjà monté.
Fri Feb  7 01:55:01 PM UTC 2025 : /dev/sdd1 est déjà monté.
Fri Feb  7 02:00:01 PM UTC 2025 : /dev/sdd1 est déjà monté.
Fri Feb  7 02:05:01 PM UTC 2025 : /dev/sdd1 est déjà monté.
Fri Feb  7 02:10:01 PM UTC 2025 : /dev/sdd1 est déjà monté.
Fri Feb  7 02:15:01 PM UTC 2025 : /dev/sdd1 est déjà monté.
Fri Feb  7 02:20:01 PM UTC 2025 : /dev/sdd1 est déjà monté.
Fri Feb  7 02:25:01 PM UTC 2025 : /dev/sdd1 est déjà monté.
Fri Feb  7 02:30:01 PM UTC 2025 : /dev/sdd1 est déjà monté.
Fri Feb  7 02:35:01 PM UTC 2025 : /dev/sdd1 est déjà monté.
Fri Feb  7 02:40:01 PM UTC 2025 : /dev/sdd1 est déjà monté.
Fri Feb  7 02:45:01 PM UTC 2025 : /dev/sdd1 est déjà monté.
Fri Feb  7 02:50:01 PM UTC 2025 : /dev/sdd1 est déjà monté.
Fri Feb  7 02:55:01 PM UTC 2025 : /dev/sdd1 est déjà monté.
Fri Feb  7 03:00:01 PM UTC 2025 : /dev/sdd1 est déjà monté.
Fri Feb  7 03:05:01 PM UTC 2025 : /dev/sdd1 est déjà monté.
Fri Feb  7 03:10:01 PM UTC 2025 : /dev/sdd1 est déjà monté.
Fri Feb  7 03:15:01 PM UTC 2025 : /dev/sdd1 est déjà monté.
Fri Feb  7 03:20:01 PM UTC 2025 : /dev/sdd1 est déjà monté.
Fri Feb  7 03:25:01 PM UTC 2025 : /dev/sdd1 est déjà monté.
Fri Feb  7 03:30:10 PM UTC 2025 : /dev/sde1 est déjà monté.
Fri Feb  7 03:31:17 PM UTC 2025 : /dev/sde1 est déjà monté.
Fri Feb  7 03:31:29 PM UTC 2025 : /dev/sde1 est déjà monté.
Fri Feb  7 03:32:35 PM UTC 2025 : /dev/sde1 est déjà monté.
Fri Feb  7 03:34:59 PM UTC 2025 : /dev/sde1 n'est pas monté, tentative de remontage...
Fri Feb  7 03:35:01 PM UTC 2025 : /dev/sde1 n'est pas monté, tentative de remontage...
Fri Feb  7 03:35:07 PM UTC 2025 : /dev/sde1 monté avec succès.
Fri Feb  7 03:35:07 PM UTC 2025 : /dev/sde1 monté avec succès.
Fri Feb  7 03:35:11 PM UTC 2025 : /dev/sde1 est déjà monté.
Fri Feb  7 03:35:43 PM UTC 2025 : /dev/sde1 est déjà monté.
Fri Feb  7 03:35:56 PM UTC 2025 : /dev/sde1 est déjà monté.
Fri Feb  7 03:36:14 PM UTC 2025 : /dev/sde1 est déjà monté.
Fri Feb  7 03:40:01 PM UTC 2025 : /dev/sde1 est déjà monté.
Fri Feb  7 03:45:01 PM UTC 2025 : /dev/sde1 est déjà monté.
Fri Feb  7 03:50:01 PM UTC 2025 : /dev/sde1 est déjà monté.
Fri Feb  7 03:55:01 PM UTC 2025 : /dev/sde1 est déjà monté.
Fri Feb  7 04:00:01 PM UTC 2025 : /dev/sde1 est déjà monté.
Fri Feb  7 04:05:01 PM UTC 2025 : /dev/sde1 est déjà monté.
Fri Feb  7 04:10:01 PM UTC 2025 : /dev/sde1 est déjà monté.
Fri Feb  7 04:15:01 PM UTC 2025 : /dev/sde1 est déjà monté.
Fri Feb  7 04:20:01 PM UTC 2025 : /dev/sde1 est déjà monté.
Fri Feb  7 04:25:01 PM UTC 2025 : /dev/sde1 est déjà monté.
Fri Feb  7 04:30:01 PM UTC 2025 : /dev/sde1 est déjà monté.
Fri Feb  7 04:35:01 PM UTC 2025 : /dev/sde1 est déjà monté.
Fri Feb  7 04:40:01 PM UTC 2025 : /dev/sde1 est déjà monté.
Fri Feb  7 04:45:01 PM UTC 2025 : /dev/sde1 est déjà monté.
Fri Feb  7 04:50:01 PM UTC 2025 : /dev/sde1 est déjà monté.
Fri Feb  7 04:55:01 PM UTC 2025 : /dev/sde1 est déjà monté.
Fri Feb  7 05:00:01 PM UTC 2025 : /dev/sde1 est déjà monté.
Fri Feb  7 05:05:01 PM UTC 2025 : /dev/sde1 est déjà monté.
Fri Feb  7 05:10:01 PM UTC 2025 : /dev/sde1 est déjà monté.
Fri Feb  7 05:15:01 PM UTC 2025 : /dev/sde1 est déjà monté.
Fri Feb  7 05:20:01 PM UTC 2025 : /dev/sde1 est déjà monté.
Fri Feb  7 05:25:01 PM UTC 2025 : /dev/sde1 est déjà monté.
Fri Feb  7 05:30:01 PM UTC 2025 : /dev/sde1 est déjà monté.
Fri Feb  7 05:35:01 PM UTC 2025 : /dev/sde1 est déjà monté.
Fri Feb  7 05:40:01 PM UTC 2025 : /dev/sde1 est déjà monté.
Fri Feb  7 05:45:01 PM UTC 2025 : /dev/sde1 est déjà monté.
Fri Feb  7 05:50:01 PM UTC 2025 : /dev/sde1 est déjà monté.
Fri Feb  7 05:55:01 PM UTC 2025 : /dev/sde1 est déjà monté.
Fri Feb  7 06:00:01 PM UTC 2025 : /dev/sde1 est déjà monté.
Fri Feb  7 06:05:01 PM UTC 2025 : /dev/sde1 est déjà monté.
Fri Feb  7 06:10:01 PM UTC 2025 : /dev/sde1 est déjà monté.
Fri Feb  7 06:15:01 PM UTC 2025 : /dev/sde1 est déjà monté.
Fri Feb  7 06:20:01 PM UTC 2025 : /dev/sde1 est déjà monté.
Fri Feb  7 06:25:01 PM UTC 2025 : /dev/sde1 est déjà monté.
Fri Feb  7 06:30:01 PM UTC 2025 : /dev/sde1 est déjà monté.
Fri Feb  7 06:35:01 PM UTC 2025 : /dev/sde1 est déjà monté.
Fri Feb  7 06:40:02 PM UTC 2025 : /dev/sde1 est déjà monté.
Fri Feb  7 06:45:01 PM UTC 2025 : /dev/sde1 est déjà monté.
Fri Feb  7 06:50:01 PM UTC 2025 : /dev/sde1 est déjà monté.
Fri Feb  7 06:55:01 PM UTC 2025 : /dev/sde1 est déjà monté.
Fri Feb  7 07:00:01 PM UTC 2025 : /dev/sde1 est déjà monté.
Fri Feb  7 07:05:01 PM UTC 2025 : /dev/sde1 est déjà monté.
Fri Feb  7 07:10:01 PM UTC 2025 : /dev/sde1 est déjà monté.
Fri Feb  7 07:15:01 PM UTC 2025 : /dev/sde1 est déjà monté.
Fri Feb  7 07:20:01 PM UTC 2025 : /dev/sde1 est déjà monté.
Fri Feb  7 07:25:01 PM UTC 2025 : /dev/sde1 est déjà monté.
Fri Feb  7 07:30:01 PM UTC 2025 : /dev/sde1 est déjà monté.
Fri Feb  7 07:35:01 PM UTC 2025 : /dev/sde1 est déjà monté.
Fri Feb  7 07:40:01 PM UTC 2025 : /dev/sde1 est déjà monté.
Fri Feb  7 07:45:01 PM UTC 2025 : /dev/sde1 est déjà monté.
Fri Feb  7 07:50:01 PM UTC 2025 : /dev/sde1 est déjà monté.
Fri Feb  7 07:55:01 PM UTC 2025 : /dev/sde1 est déjà monté.
Fri Feb  7 08:00:01 PM UTC 2025 : /dev/sde1 est déjà monté.
Fri Feb  7 08:05:01 PM UTC 2025 : /dev/sde1 est déjà monté.
Fri Feb  7 08:10:01 PM UTC 2025 : /dev/sde1 est déjà monté.
Fri Feb  7 08:15:01 PM UTC 2025 : /dev/sde1 est déjà monté.
Fri Feb  7 08:20:01 PM UTC 2025 : /dev/sde1 est déjà monté.
Fri Feb  7 08:25:01 PM UTC 2025 : /dev/sde1 est déjà monté.
Fri Feb  7 08:30:01 PM UTC 2025 : /dev/sde1 est déjà monté.
Fri Feb  7 08:35:01 PM UTC 2025 : /dev/sde1 est déjà monté.
Fri Feb  7 08:40:01 PM UTC 2025 : /dev/sde1 est déjà monté.
Fri Feb  7 08:45:01 PM UTC 2025 : /dev/sde1 est déjà monté.
Fri Feb  7 08:50:01 PM UTC 2025 : /dev/sde1 est déjà monté.
Fri Feb  7 08:55:01 PM UTC 2025 : /dev/sde1 est déjà monté.
Fri Feb  7 09:00:01 PM UTC 2025 : /dev/sde1 est déjà monté.
Fri Feb  7 09:05:01 PM UTC 2025 : /dev/sde1 est déjà monté.
Fri Feb  7 09:10:01 PM UTC 2025 : /dev/sde1 est déjà monté.
Fri Feb  7 09:15:01 PM UTC 2025 : /dev/sde1 est déjà monté.
Fri Feb  7 09:20:01 PM UTC 2025 : /dev/sde1 est déjà monté.
Fri Feb  7 09:25:01 PM UTC 2025 : /dev/sde1 est déjà monté.
Fri Feb  7 09:30:01 PM UTC 2025 : /dev/sde1 est déjà monté.
Fri Feb  7 09:35:01 PM UTC 2025 : /dev/sde1 est déjà monté.
Fri Feb  7 09:40:01 PM UTC 2025 : /dev/sde1 est déjà monté.
Fri Feb  7 09:45:01 PM UTC 2025 : /dev/sde1 est déjà monté.
Fri Feb  7 09:50:01 PM UTC 2025 : /dev/sde1 est déjà monté.
Fri Feb  7 09:55:01 PM UTC 2025 : /dev/sde1 est déjà monté.
Fri Feb  7 10:00:01 PM UTC 2025 : /dev/sde1 est déjà monté.
Fri Feb  7 10:05:01 PM UTC 2025 : /dev/sde1 est déjà monté.
Fri Feb  7 10:10:01 PM UTC 2025 : /dev/sde1 est déjà monté.
Fri Feb  7 10:15:01 PM UTC 2025 : /dev/sde1 est déjà monté.
Fri Feb  7 10:20:01 PM UTC 2025 : /dev/sde1 est déjà monté.
Fri Feb  7 10:25:01 PM UTC 2025 : /dev/sde1 est déjà monté.
Sun Feb  9 05:40:01 PM UTC 2025 : /dev/sda1 n'est pas monté, tentative de remontage...
Sun Feb  9 05:40:01 PM UTC 2025 : /dev/sda1 monté avec succès.
Sun Feb  9 05:45:01 PM UTC 2025 : /dev/sda1 est déjà monté.
Sun Feb  9 05:50:01 PM UTC 2025 : /dev/sda1 est déjà monté.
Sun Feb  9 05:55:01 PM UTC 2025 : /dev/sda1 est déjà monté.
Sun Feb  9 06:00:01 PM UTC 2025 : /dev/sda1 est déjà monté.
Mon Feb 17 03:10:01 PM UTC 2025 : /dev/sda1 est déjà monté.
Mon Feb 17 03:35:01 PM UTC 2025 : /dev/sda1 est déjà monté.
Mon Feb 17 03:40:01 PM UTC 2025 : /dev/sda1 est déjà monté.
Mon Feb 17 03:45:01 PM UTC 2025 : /dev/sda1 est déjà monté.
Mon Feb 17 03:50:01 PM UTC 2025 : /dev/sda1 est déjà monté.
Mon Feb 17 03:55:01 PM UTC 2025 : /dev/sda1 est déjà monté.
Mon Feb 17 04:00:01 PM UTC 2025 : /dev/sda1 est déjà monté.
Mon Feb 17 04:05:01 PM UTC 2025 : /dev/sda1 est déjà monté.
Mon Feb 17 04:10:01 PM UTC 2025 : /dev/sda1 est déjà monté.
Mon Feb 17 04:15:01 PM UTC 2025 : /dev/sda1 est déjà monté.
Mon Feb 17 04:20:01 PM UTC 2025 : /dev/sda1 est déjà monté.
Mon Feb 17 04:55:01 PM UTC 2025 : /dev/sda1 est déjà monté.
Mon Feb 17 05:00:01 PM UTC 2025 : /dev/sda1 est déjà monté.
Mon Feb 17 05:05:01 PM UTC 2025 : /dev/sda1 est déjà monté.
Mon Feb 17 05:10:01 PM UTC 2025 : /dev/sda1 est déjà monté.
Mon Feb 17 05:15:01 PM UTC 2025 : /dev/sda1 est déjà monté.
Mon Feb 17 05:20:01 PM UTC 2025 : /dev/sda1 est déjà monté.
Mon Feb 17 05:25:01 PM UTC 2025 : /dev/sda1 est déjà monté.
Mon Feb 17 05:30:01 PM UTC 2025 : /dev/sda1 est déjà monté.
Mon Feb 17 05:35:01 PM UTC 2025 : /dev/sda1 est déjà monté.
Mon Feb 17 05:40:01 PM UTC 2025 : /dev/sda1 est déjà monté.
Mon Feb 17 05:45:01 PM UTC 2025 : /dev/sda1 est déjà monté.
Mon Feb 17 05:50:01 PM UTC 2025 : /dev/sda1 est déjà monté.
Mon Feb 17 05:55:01 PM UTC 2025 : /dev/sda1 est déjà monté.
Mon Feb 17 06:00:01 PM UTC 2025 : /dev/sda1 est déjà monté.
Mon Feb 17 06:05:01 PM UTC 2025 : /dev/sda1 est déjà monté.
Mon Feb 17 06:10:01 PM UTC 2025 : /dev/sda1 est déjà monté.
Mon Feb 17 06:15:01 PM UTC 2025 : /dev/sda1 est déjà monté.
Mon Feb 17 06:20:01 PM UTC 2025 : /dev/sda1 est déjà monté.
Mon Feb 17 06:25:01 PM UTC 2025 : /dev/sda1 est déjà monté.
Mon Feb 17 06:30:01 PM UTC 2025 : /dev/sda1 est déjà monté.
Mon Feb 17 06:35:01 PM UTC 2025 : /dev/sda1 est déjà monté.
Mon Feb 17 06:40:01 PM UTC 2025 : /dev/sda1 est déjà monté.
Mon Feb 17 06:45:01 PM UTC 2025 : /dev/sda1 est déjà monté.
Mon Feb 17 06:50:01 PM UTC 2025 : /dev/sda1 est déjà monté.
Mon Feb 17 06:55:01 PM UTC 2025 : /dev/sda1 est déjà monté.
Mon Feb 17 07:00:01 PM UTC 2025 : /dev/sda1 est déjà monté.
Mon Feb 17 07:05:01 PM UTC 2025 : /dev/sda1 est déjà monté.
Mon Feb 17 07:10:01 PM UTC 2025 : /dev/sda1 est déjà monté.
Mon Feb 17 07:15:01 PM UTC 2025 : /dev/sda1 est déjà monté.
Mon Feb 17 07:20:01 PM UTC 2025 : /dev/sda1 est déjà monté.
Mon Feb 17 07:25:01 PM UTC 2025 : /dev/sda1 est déjà monté.
Mon Feb 17 07:30:01 PM UTC 2025 : /dev/sda1 est déjà monté.
Mon Feb 17 07:35:01 PM UTC 2025 : /dev/sda1 est déjà monté.
Mon Feb 17 07:40:01 PM UTC 2025 : /dev/sda1 est déjà monté.
Mon Feb 17 07:45:01 PM UTC 2025 : /dev/sda1 est déjà monté.
Mon Feb 17 07:50:01 PM UTC 2025 : /dev/sda1 est déjà monté.
Mon Feb 17 07:55:01 PM UTC 2025 : /dev/sda1 est déjà monté.
Mon Feb 17 08:00:01 PM UTC 2025 : /dev/sda1 est déjà monté.
Mon Feb 17 08:05:01 PM UTC 2025 : /dev/sda1 est déjà monté.
Mon Feb 17 08:10:02 PM UTC 2025 : /dev/sda1 est déjà monté.
Mon Feb 17 08:15:01 PM UTC 2025 : /dev/sda1 est déjà monté.
Mon Feb 17 08:20:01 PM UTC 2025 : /dev/sda1 est déjà monté.
Mon Feb 17 08:25:01 PM UTC 2025 : /dev/sda1 est déjà monté.
Mon Feb 17 08:30:01 PM UTC 2025 : /dev/sda1 est déjà monté.
Mon Feb 17 08:35:01 PM UTC 2025 : /dev/sda1 est déjà monté.
Mon Feb 17 08:40:01 PM UTC 2025 : /dev/sda1 est déjà monté.
Mon Feb 17 08:45:01 PM UTC 2025 : /dev/sda1 est déjà monté.
Mon Feb 17 08:50:01 PM UTC 2025 : /dev/sda1 est déjà monté.
Mon Feb 17 08:55:01 PM UTC 2025 : /dev/sda1 est déjà monté.
Mon Feb 17 09:00:01 PM UTC 2025 : /dev/sda1 est déjà monté.
Mon Feb 17 09:05:01 PM UTC 2025 : /dev/sda1 est déjà monté.
Mon Feb 17 09:10:01 PM UTC 2025 : /dev/sda1 est déjà monté.
Mon Feb 17 09:15:01 PM UTC 2025 : /dev/sda1 est déjà monté.
Mon Feb 17 09:20:01 PM UTC 2025 : /dev/sda1 est déjà monté.
Mon Feb 17 09:25:01 PM UTC 2025 : /dev/sda1 est déjà monté.
Mon Feb 17 09:30:01 PM UTC 2025 : /dev/sda1 est déjà monté.
Mon Feb 17 09:35:01 PM UTC 2025 : /dev/sda1 est déjà monté.
Mon Feb 17 09:40:01 PM UTC 2025 : /dev/sda1 est déjà monté.
Mon Feb 17 09:45:01 PM UTC 2025 : /dev/sda1 est déjà monté.
Mon Feb 17 09:50:01 PM UTC 2025 : /dev/sda1 est déjà monté.
Mon Feb 17 09:55:01 PM UTC 2025 : /dev/sda1 est déjà monté.
Mon Feb 17 10:00:01 PM UTC 2025 : /dev/sda1 est déjà monté.
Mon Feb 17 10:05:01 PM UTC 2025 : /dev/sda1 est déjà monté.
Mon Feb 17 10:10:01 PM UTC 2025 : /dev/sda1 est déjà monté.
Mon Feb 17 10:15:01 PM UTC 2025 : /dev/sda1 est déjà monté.
Mon Feb 17 10:20:01 PM UTC 2025 : /dev/sda1 est déjà monté.
Mon Feb 17 10:25:01 PM UTC 2025 : /dev/sda1 est déjà monté.
Mon Feb 17 10:30:01 PM UTC 2025 : /dev/sda1 est déjà monté.
Mon Feb 17 10:35:01 PM UTC 2025 : /dev/sda1 est déjà monté.
Mon Feb 17 10:40:01 PM UTC 2025 : /dev/sda1 est déjà monté.
Mon Feb 17 10:45:01 PM UTC 2025 : /dev/sda1 est déjà monté.
Mon Feb 17 10:50:01 PM UTC 2025 : /dev/sda1 est déjà monté.
Mon Feb 17 10:55:01 PM UTC 2025 : /dev/sda1 est déjà monté.
Mon Feb 17 11:00:01 PM UTC 2025 : /dev/sda1 est déjà monté.
Mon Feb 17 11:05:01 PM UTC 2025 : /dev/sda1 est déjà monté.
Mon Feb 17 11:10:01 PM UTC 2025 : /dev/sda1 est déjà monté.
Mon Feb 17 11:15:01 PM UTC 2025 : /dev/sda1 est déjà monté.
Mon Feb 17 11:20:01 PM UTC 2025 : /dev/sda1 est déjà monté.
Mon Feb 17 11:25:01 PM UTC 2025 : /dev/sda1 est déjà monté.
Mon Feb 17 11:30:01 PM UTC 2025 : /dev/sda1 est déjà monté.
Mon Feb 17 11:35:01 PM UTC 2025 : /dev/sda1 est déjà monté.
Mon Feb 17 11:40:01 PM UTC 2025 : /dev/sda1 est déjà monté.
Mon Feb 17 11:45:01 PM UTC 2025 : /dev/sda1 est déjà monté.
Mon Feb 17 11:50:01 PM UTC 2025 : /dev/sda1 est déjà monté.
Mon Feb 17 11:55:01 PM UTC 2025 : /dev/sda1 est déjà monté.
Fri Apr 25 04:10:01 PM UTC 2025 : /dev/sda1 est déjà monté.
Fri Apr 25 04:15:01 PM UTC 2025 : /dev/sda1 est déjà monté.
Fri Apr 25 04:20:01 PM UTC 2025 : /dev/sda1 est déjà monté.
Fri Apr 25 04:25:01 PM UTC 2025 : /dev/sda1 est déjà monté.
Fri Apr 25 04:30:01 PM UTC 2025 : /dev/sda1 est déjà monté.
Fri Apr 25 04:35:01 PM UTC 2025 : /dev/sda1 est déjà monté.
Fri Apr 25 04:40:01 PM UTC 2025 : /dev/sda1 est déjà monté.
Fri Apr 25 04:45:01 PM UTC 2025 : /dev/sda1 est déjà monté.
Fri Apr 25 04:50:01 PM UTC 2025 : /dev/sda1 est déjà monté.
Fri Apr 25 04:55:01 PM UTC 2025 : /dev/sda1 est déjà monté.
Fri Apr 25 05:00:01 PM UTC 2025 : /dev/sda1 est déjà monté.
Fri Apr 25 05:05:01 PM UTC 2025 : /dev/sda1 est déjà monté.
Fri Apr 25 05:10:01 PM UTC 2025 : /dev/sda1 est déjà monté.
Fri Apr 25 05:15:01 PM UTC 2025 : /dev/sda1 est déjà monté.
Fri Apr 25 05:20:01 PM UTC 2025 : /dev/sda1 est déjà monté.
Fri Apr 25 05:25:01 PM UTC 2025 : /dev/sda1 est déjà monté.
Fri Apr 25 05:30:01 PM UTC 2025 : /dev/sda1 est déjà monté.
Fri Apr 25 05:35:01 PM UTC 2025 : /dev/sda1 est déjà monté.
Fri Apr 25 05:40:01 PM UTC 2025 : /dev/sda1 est déjà monté.
Fri Apr 25 05:45:01 PM UTC 2025 : /dev/sda1 est déjà monté.
Fri Apr 25 05:50:01 PM UTC 2025 : /dev/sda1 est déjà monté.
Fri Apr 25 05:55:01 PM UTC 2025 : /dev/sda1 est déjà monté.
Fri Apr 25 06:00:01 PM UTC 2025 : /dev/sda1 est déjà monté.
Fri Apr 25 06:05:01 PM UTC 2025 : /dev/sda1 est déjà monté.
Fri Apr 25 06:10:01 PM UTC 2025 : /dev/sda1 est déjà monté.
Fri Apr 25 06:15:01 PM UTC 2025 : /dev/sda1 est déjà monté.
Fri Apr 25 06:20:01 PM UTC 2025 : /dev/sda1 est déjà monté.
Fri Apr 25 06:25:01 PM UTC 2025 : /dev/sda1 est déjà monté.
Fri Apr 25 06:30:01 PM UTC 2025 : /dev/sda1 est déjà monté.
Fri Apr 25 06:35:01 PM UTC 2025 : /dev/sda1 est déjà monté.
Fri Apr 25 06:40:01 PM UTC 2025 : /dev/sda1 est déjà monté.
Fri Apr 25 06:45:01 PM UTC 2025 : /dev/sda1 est déjà monté.
Fri Apr 25 06:50:01 PM UTC 2025 : /dev/sda1 est déjà monté.
Fri Apr 25 06:55:01 PM UTC 2025 : /dev/sda1 est déjà monté.
Fri Apr 25 07:00:01 PM UTC 2025 : /dev/sda1 est déjà monté.
Fri Apr 25 07:05:01 PM UTC 2025 : /dev/sda1 est déjà monté.
Fri Apr 25 07:10:01 PM UTC 2025 : /dev/sda1 est déjà monté.
Fri Apr 25 07:15:01 PM UTC 2025 : /dev/sda1 est déjà monté.
Fri Apr 25 07:20:01 PM UTC 2025 : /dev/sda1 est déjà monté.
Fri Apr 25 07:25:01 PM UTC 2025 : /dev/sda1 est déjà monté.
Fri Apr 25 07:30:02 PM UTC 2025 : /dev/sda1 est déjà monté.
Fri Apr 25 07:35:01 PM UTC 2025 : /dev/sda1 est déjà monté.
Fri Apr 25 07:40:01 PM UTC 2025 : /dev/sda1 est déjà monté.
Fri Apr 25 07:45:01 PM UTC 2025 : /dev/sda1 est déjà monté.
Fri Apr 25 07:50:01 PM UTC 2025 : /dev/sda1 est déjà monté.
Fri Apr 25 07:55:01 PM UTC 2025 : /dev/sda1 est déjà monté.
Fri Apr 25 08:00:01 PM UTC 2025 : /dev/sda1 est déjà monté.
Fri Apr 25 08:05:01 PM UTC 2025 : /dev/sda1 est déjà monté.
Fri Apr 25 08:10:01 PM UTC 2025 : /dev/sda1 est déjà monté.
Fri Apr 25 08:15:01 PM UTC 2025 : /dev/sda1 est déjà monté.
Fri Apr 25 08:20:01 PM UTC 2025 : /dev/sda1 est déjà monté.
Fri Apr 25 08:25:01 PM UTC 2025 : /dev/sda1 est déjà monté.
Fri Apr 25 08:30:01 PM UTC 2025 : /dev/sda1 est déjà monté.
Fri Apr 25 08:35:01 PM UTC 2025 : /dev/sda1 est déjà monté.
Fri Apr 25 08:40:01 PM UTC 2025 : /dev/sda1 est déjà monté.
Fri Apr 25 08:45:01 PM UTC 2025 : /dev/sda1 est déjà monté.
Fri Apr 25 08:50:01 PM UTC 2025 : /dev/sda1 est déjà monté.
Fri Apr 25 08:55:01 PM UTC 2025 : /dev/sda1 est déjà monté.
Fri Apr 25 09:00:01 PM UTC 2025 : /dev/sda1 est déjà monté.
Fri Apr 25 09:05:01 PM UTC 2025 : /dev/sda1 est déjà monté.
Fri Apr 25 09:10:01 PM UTC 2025 : /dev/sda1 est déjà monté.
Fri Apr 25 09:15:01 PM UTC 2025 : /dev/sda1 est déjà monté.
Fri Apr 25 09:20:01 PM UTC 2025 : /dev/sda1 est déjà monté.
Fri Apr 25 09:25:01 PM UTC 2025 : /dev/sda1 est déjà monté.
Fri Apr 25 09:30:01 PM UTC 2025 : /dev/sda1 est déjà monté.
Fri Apr 25 09:35:01 PM UTC 2025 : /dev/sda1 est déjà monté.
Fri Apr 25 09:40:01 PM UTC 2025 : /dev/sda1 est déjà monté.
Fri Apr 25 09:45:01 PM UTC 2025 : /dev/sda1 est déjà monté.
Fri Apr 25 09:50:01 PM UTC 2025 : /dev/sda1 est déjà monté.
Fri Apr 25 09:55:01 PM UTC 2025 : /dev/sda1 est déjà monté.
Fri Apr 25 10:00:01 PM UTC 2025 : /dev/sda1 est déjà monté.
Fri Apr 25 10:05:01 PM UTC 2025 : /dev/sda1 est déjà monté.
Fri Apr 25 10:10:01 PM UTC 2025 : /dev/sda1 est déjà monté.
Fri Apr 25 10:15:01 PM UTC 2025 : /dev/sda1 est déjà monté.
Fri Apr 25 10:20:01 PM UTC 2025 : /dev/sda1 est déjà monté.
Fri Apr 25 10:25:01 PM UTC 2025 : /dev/sda1 est déjà monté.
Fri Apr 25 10:30:01 PM UTC 2025 : /dev/sda1 est déjà monté.
Fri Apr 25 10:35:01 PM UTC 2025 : /dev/sda1 est déjà monté.
Fri Apr 25 10:40:01 PM UTC 2025 : /dev/sda1 est déjà monté.
Fri Apr 25 10:45:01 PM UTC 2025 : /dev/sda1 est déjà monté.
Fri Apr 25 10:50:01 PM UTC 2025 : /dev/sda1 est déjà monté.
Fri Apr 25 10:55:01 PM UTC 2025 : /dev/sda1 est déjà monté.
Fri Apr 25 11:00:01 PM UTC 2025 : /dev/sda1 est déjà monté.
Fri Apr 25 11:05:01 PM UTC 2025 : /dev/sda1 est déjà monté.
Fri Apr 25 11:10:01 PM UTC 2025 : /dev/sda1 est déjà monté.
Fri Apr 25 11:15:01 PM UTC 2025 : /dev/sda1 est déjà monté.
Fri Apr 25 11:20:01 PM UTC 2025 : /dev/sda1 est déjà monté.
Fri Apr 25 11:25:01 PM UTC 2025 : /dev/sda1 est déjà monté.
Fri Apr 25 11:30:01 PM UTC 2025 : /dev/sda1 est déjà monté.
Fri Apr 25 11:35:01 PM UTC 2025 : /dev/sda1 est déjà monté.
Fri Apr 25 11:40:02 PM UTC 2025 : /dev/sda1 est déjà monté.
Fri Apr 25 11:45:01 PM UTC 2025 : /dev/sda1 est déjà monté.
Fri Apr 25 11:50:01 PM UTC 2025 : /dev/sda1 est déjà monté.
Fri Apr 25 11:55:01 PM UTC 2025 : /dev/sda1 est déjà monté.
Sat Apr 26 12:00:01 AM UTC 2025 : /dev/sda1 est déjà monté.
Sat Apr 26 12:05:01 AM UTC 2025 : /dev/sda1 est déjà monté.
Sat Apr 26 12:10:01 AM UTC 2025 : /dev/sda1 est déjà monté.
Sat Apr 26 12:15:01 AM UTC 2025 : /dev/sda1 est déjà monté.
Sat Apr 26 12:20:01 AM UTC 2025 : /dev/sda1 est déjà monté.
Sat Apr 26 12:25:01 AM UTC 2025 : /dev/sda1 est déjà monté.
Sat Apr 26 12:30:01 AM UTC 2025 : /dev/sda1 est déjà monté.
Sat Apr 26 12:35:01 AM UTC 2025 : /dev/sda1 est déjà monté.
Sat Apr 26 12:40:01 AM UTC 2025 : /dev/sda1 est déjà monté.
Sat Apr 26 12:45:01 AM UTC 2025 : /dev/sda1 est déjà monté.
Sat Apr 26 12:50:01 AM UTC 2025 : /dev/sda1 est déjà monté.
Sat Apr 26 12:55:01 AM UTC 2025 : /dev/sda1 est déjà monté.
Sat Apr 26 01:00:01 AM UTC 2025 : /dev/sda1 est déjà monté.
Sat Apr 26 01:05:01 AM UTC 2025 : /dev/sda1 est déjà monté.
Sat Apr 26 01:10:01 AM UTC 2025 : /dev/sda1 est déjà monté.
Sat Apr 26 01:15:01 AM UTC 2025 : /dev/sda1 est déjà monté.
Sat Apr 26 01:20:01 AM UTC 2025 : /dev/sda1 est déjà monté.
Sat Apr 26 01:25:01 AM UTC 2025 : /dev/sda1 est déjà monté.
Sat Apr 26 01:30:01 AM UTC 2025 : /dev/sda1 est déjà monté.
Sat Apr 26 01:35:01 AM UTC 2025 : /dev/sda1 est déjà monté.
Sat Apr 26 01:40:01 AM UTC 2025 : /dev/sda1 est déjà monté.
Sat Apr 26 01:45:01 AM UTC 2025 : /dev/sda1 est déjà monté.
Sat Apr 26 01:50:01 AM UTC 2025 : /dev/sda1 est déjà monté.
Sat Apr 26 01:55:01 AM UTC 2025 : /dev/sda1 est déjà monté.
Sat Apr 26 02:00:01 AM UTC 2025 : /dev/sda1 est déjà monté.
Sat Apr 26 02:05:01 AM UTC 2025 : /dev/sda1 est déjà monté.
Sat Apr 26 02:10:01 AM UTC 2025 : /dev/sda1 est déjà monté.
Sat Apr 26 02:15:01 AM UTC 2025 : /dev/sda1 est déjà monté.
Sat Apr 26 02:20:01 AM UTC 2025 : /dev/sda1 est déjà monté.
Sat Apr 26 02:25:01 AM UTC 2025 : /dev/sda1 est déjà monté.
Sat Apr 26 02:30:01 AM UTC 2025 : /dev/sda1 est déjà monté.
Sat Apr 26 02:35:01 AM UTC 2025 : /dev/sda1 est déjà monté.
Sat Apr 26 02:40:01 AM UTC 2025 : /dev/sda1 est déjà monté.
Sat Apr 26 02:45:01 AM UTC 2025 : /dev/sda1 est déjà monté.
Sat Apr 26 02:50:01 AM UTC 2025 : /dev/sda1 est déjà monté.
Sat Apr 26 02:55:01 AM UTC 2025 : /dev/sda1 est déjà monté.
Sat Apr 26 03:00:02 AM UTC 2025 : /dev/sda1 est déjà monté.
Sat Apr 26 03:05:01 AM UTC 2025 : /dev/sda1 est déjà monté.
Sat Apr 26 03:10:01 AM UTC 2025 : /dev/sda1 est déjà monté.
Sat Apr 26 03:15:01 AM UTC 2025 : /dev/sda1 est déjà monté.
Sat Apr 26 03:20:01 AM UTC 2025 : /dev/sda1 est déjà monté.
Sat Apr 26 03:25:01 AM UTC 2025 : /dev/sda1 est déjà monté.
Sat Apr 26 03:30:01 AM UTC 2025 : /dev/sda1 est déjà monté.
Sat Apr 26 03:35:01 AM UTC 2025 : /dev/sda1 est déjà monté.
Sat Apr 26 03:40:01 AM UTC 2025 : /dev/sda1 est déjà monté.
Sat Apr 26 03:45:01 AM UTC 2025 : /dev/sda1 est déjà monté.
Sat Apr 26 03:50:01 AM UTC 2025 : /dev/sda1 est déjà monté.
Sat Apr 26 03:55:01 AM UTC 2025 : /dev/sda1 est déjà monté.
Sat Apr 26 04:00:01 AM UTC 2025 : /dev/sda1 est déjà monté.
Sat Apr 26 04:05:01 AM UTC 2025 : /dev/sda1 est déjà monté.
Sat Apr 26 04:10:01 AM UTC 2025 : /dev/sda1 est déjà monté.
Sat Apr 26 04:15:01 AM UTC 2025 : /dev/sda1 est déjà monté.
Sat Apr 26 04:20:01 AM UTC 2025 : /dev/sda1 est déjà monté.
Sat Apr 26 04:25:01 AM UTC 2025 : /dev/sda1 est déjà monté.
Sat Apr 26 04:30:01 AM UTC 2025 : /dev/sda1 est déjà monté.
Sat Apr 26 04:35:01 AM UTC 2025 : /dev/sda1 est déjà monté.
Sat Apr 26 04:40:01 AM UTC 2025 : /dev/sda1 est déjà monté.
Sat Apr 26 04:45:01 AM UTC 2025 : /dev/sda1 est déjà monté.
Sat Apr 26 04:50:01 AM UTC 2025 : /dev/sda1 est déjà monté.
Sat Apr 26 04:55:01 AM UTC 2025 : /dev/sda1 est déjà monté.
Sat Apr 26 05:00:01 AM UTC 2025 : /dev/sda1 est déjà monté.
Sat Apr 26 05:05:01 AM UTC 2025 : /dev/sda1 est déjà monté.
Sat Apr 26 05:10:01 AM UTC 2025 : /dev/sda1 est déjà monté.
Sat Apr 26 05:15:01 AM UTC 2025 : /dev/sda1 est déjà monté.
Sat Apr 26 05:20:01 AM UTC 2025 : /dev/sda1 est déjà monté.
Sat Apr 26 05:25:01 AM UTC 2025 : /dev/sda1 est déjà monté.
Sat Apr 26 05:30:01 AM UTC 2025 : /dev/sda1 est déjà monté.
Sat Apr 26 05:35:01 AM UTC 2025 : /dev/sda1 est déjà monté.
Sat Apr 26 05:40:01 AM UTC 2025 : /dev/sda1 est déjà monté.
Sat Apr 26 05:45:01 AM UTC 2025 : /dev/sda1 est déjà monté.
Sat Apr 26 05:50:01 AM UTC 2025 : /dev/sda1 est déjà monté.
Sat Apr 26 05:55:01 AM UTC 2025 : /dev/sda1 est déjà monté.
Sat Apr 26 06:00:01 AM UTC 2025 : /dev/sda1 est déjà monté.
Sat Apr 26 06:05:01 AM UTC 2025 : /dev/sda1 est déjà monté.
Sat Apr 26 06:10:01 AM UTC 2025 : /dev/sda1 est déjà monté.
Sat Apr 26 06:15:01 AM UTC 2025 : /dev/sda1 est déjà monté.
Sat Apr 26 06:20:01 AM UTC 2025 : /dev/sda1 est déjà monté.
Sat Apr 26 06:25:01 AM UTC 2025 : /dev/sda1 est déjà monté.
Sat Apr 26 06:30:01 AM UTC 2025 : /dev/sda1 est déjà monté.
Sat Apr 26 06:35:01 AM UTC 2025 : /dev/sda1 est déjà monté.
Sat Apr 26 06:40:02 AM UTC 2025 : /dev/sda1 est déjà monté.
Sat Apr 26 06:45:01 AM UTC 2025 : /dev/sda1 est déjà monté.
Sat Apr 26 06:50:01 AM UTC 2025 : /dev/sda1 est déjà monté.
Sat Apr 26 06:55:01 AM UTC 2025 : /dev/sda1 est déjà monté.
Sat Apr 26 07:00:01 AM UTC 2025 : /dev/sda1 est déjà monté.
Sat Apr 26 07:05:01 AM UTC 2025 : /dev/sda1 est déjà monté.
Sat Apr 26 07:10:01 AM UTC 2025 : /dev/sda1 est déjà monté.
Sat Apr 26 07:15:01 AM UTC 2025 : /dev/sda1 est déjà monté.
Sat Apr 26 07:20:01 AM UTC 2025 : /dev/sda1 est déjà monté.
Sat Apr 26 07:25:01 AM UTC 2025 : /dev/sda1 est déjà monté.
Sat Apr 26 07:30:01 AM UTC 2025 : /dev/sda1 est déjà monté.
Sat Apr 26 07:35:01 AM UTC 2025 : /dev/sda1 est déjà monté.
Sat Apr 26 07:40:01 AM UTC 2025 : /dev/sda1 est déjà monté.
Sat Apr 26 07:45:01 AM UTC 2025 : /dev/sda1 est déjà monté.
Sat Apr 26 07:50:01 AM UTC 2025 : /dev/sda1 est déjà monté.
Sat Apr 26 07:55:01 AM UTC 2025 : /dev/sda1 est déjà monté.
Sat Apr 26 08:00:01 AM UTC 2025 : /dev/sda1 est déjà monté.
Sat Apr 26 08:05:01 AM UTC 2025 : /dev/sda1 est déjà monté.
Sat Apr 26 08:10:01 AM UTC 2025 : /dev/sda1 est déjà monté.
Sat Apr 26 08:15:01 AM UTC 2025 : /dev/sda1 est déjà monté.
Sat Apr 26 08:20:01 AM UTC 2025 : /dev/sda1 est déjà monté.
Sat Apr 26 08:25:01 AM UTC 2025 : /dev/sda1 est déjà monté.
Sat Apr 26 08:30:01 AM UTC 2025 : /dev/sda1 est déjà monté.
Sat Apr 26 08:35:01 AM UTC 2025 : /dev/sda1 est déjà monté.
Sat Apr 26 08:40:01 AM UTC 2025 : /dev/sda1 est déjà monté.
Sat Apr 26 08:45:01 AM UTC 2025 : /dev/sda1 est déjà monté.
Sat Apr 26 08:50:01 AM UTC 2025 : /dev/sda1 est déjà monté.
Sat Apr 26 08:55:01 AM UTC 2025 : /dev/sda1 est déjà monté.
Sat Apr 26 09:00:01 AM UTC 2025 : /dev/sda1 est déjà monté.
Sat Apr 26 09:05:01 AM UTC 2025 : /dev/sda1 est déjà monté.
Sat Apr 26 09:10:01 AM UTC 2025 : /dev/sda1 est déjà monté.
Sat Apr 26 09:15:01 AM UTC 2025 : /dev/sda1 est déjà monté.
Sat Apr 26 09:20:01 AM UTC 2025 : /dev/sda1 est déjà monté.
Sat Apr 26 09:25:01 AM UTC 2025 : /dev/sda1 est déjà monté.
Sat Apr 26 09:30:01 AM UTC 2025 : /dev/sda1 est déjà monté.
Sat Apr 26 09:35:01 AM UTC 2025 : /dev/sda1 est déjà monté.
Sat Apr 26 09:40:01 AM UTC 2025 : /dev/sda1 est déjà monté.
Sat Apr 26 09:45:01 AM UTC 2025 : /dev/sda1 est déjà monté.
Sat Apr 26 09:50:01 AM UTC 2025 : /dev/sda1 est déjà monté.
Sat Apr 26 09:55:01 AM UTC 2025 : /dev/sda1 est déjà monté.
Sat Apr 26 10:00:01 AM UTC 2025 : /dev/sda1 est déjà monté.
Sat Apr 26 10:05:01 AM UTC 2025 : /dev/sda1 est déjà monté.
Sat Apr 26 10:10:01 AM UTC 2025 : /dev/sda1 est déjà monté.
Sat Apr 26 10:15:01 AM UTC 2025 : /dev/sda1 est déjà monté.
Sat Apr 26 10:25:02 AM UTC 2025 : /dev/sda1 est déjà monté.
Sat Apr 26 10:30:01 AM UTC 2025 : /dev/sda1 est déjà monté.
Sat Apr 26 10:35:01 AM UTC 2025 : /dev/sda1 est déjà monté.
Sat Apr 26 10:40:01 AM UTC 2025 : /dev/sda1 est déjà monté.
Sat Apr 26 10:45:01 AM UTC 2025 : /dev/sda1 est déjà monté.
Sat Apr 26 10:50:01 AM UTC 2025 : /dev/sda1 n'est pas monté, tentative de remontage...
Sat Apr 26 10:50:01 AM UTC 2025 : /dev/sda1 monté avec succès.
Sat Apr 26 10:55:01 AM UTC 2025 : /dev/sda1 est déjà monté.
Sat Apr 26 11:00:01 AM UTC 2025 : /dev/sda1 est déjà monté.
Sat Apr 26 11:05:01 AM UTC 2025 : /dev/sda1 est déjà monté.
Sat Apr 26 11:10:01 AM UTC 2025 : /dev/sda1 est déjà monté.
Sat Apr 26 11:15:01 AM UTC 2025 : /dev/sda1 est déjà monté.
Sat Apr 26 11:20:01 AM UTC 2025 : /dev/sda1 est déjà monté.
Sat Apr 26 11:25:01 AM UTC 2025 : /dev/sda1 est déjà monté.
Sat Apr 26 11:30:01 AM UTC 2025 : /dev/sda1 est déjà monté.
Sat Apr 26 11:35:01 AM UTC 2025 : /dev/sda1 est déjà monté.
Sat Apr 26 11:40:01 AM UTC 2025 : /dev/sda1 est déjà monté.
Sat Apr 26 11:45:01 AM UTC 2025 : /dev/sda1 est déjà monté.
Sat Apr 26 11:50:01 AM UTC 2025 : /dev/sda1 est déjà monté.
Sat Apr 26 11:55:01 AM UTC 2025 : /dev/sda1 est déjà monté.
Sat Apr 26 12:00:02 PM UTC 2025 : /dev/sda1 est déjà monté.
Sat Apr 26 12:05:01 PM UTC 2025 : /dev/sda1 n'est pas monté, tentative de remontage...
Sat Apr 26 12:05:01 PM UTC 2025 : /dev/sda1 monté avec succès.
Sat Apr 26 12:10:01 PM UTC 2025 : /dev/sda1 est déjà monté.
Sat Apr 26 12:15:01 PM UTC 2025 : /dev/sda1 est déjà monté.
Sat Apr 26 12:20:02 PM UTC 2025 : /dev/sda1 est déjà monté.
Sat Apr 26 12:25:01 PM UTC 2025 : /dev/sda1 est déjà monté.
Sat Apr 26 12:30:01 PM UTC 2025 : /dev/sda1 est déjà monté.
Sat Apr 26 12:35:01 PM UTC 2025 : /dev/sda1 est déjà monté.
Sat Apr 26 12:40:01 PM UTC 2025 : /dev/sda1 est déjà monté.
Sat Apr 26 12:45:01 PM UTC 2025 : /dev/sda1 est déjà monté.
Sat Apr 26 12:50:01 PM UTC 2025 : /dev/sda1 est déjà monté.
Sat Apr 26 12:55:01 PM UTC 2025 : /dev/sda1 est déjà monté.
Sat Apr 26 01:00:01 PM UTC 2025 : /dev/sda1 est déjà monté.
Sat Apr 26 01:05:01 PM UTC 2025 : /dev/sda1 est déjà monté.
Sat Apr 26 01:10:01 PM UTC 2025 : /dev/sda1 est déjà monté.
Sat Apr 26 01:15:01 PM UTC 2025 : /dev/sda1 est déjà monté.
Sat Apr 26 01:20:01 PM UTC 2025 : /dev/sda1 est déjà monté.
Sat Apr 26 01:25:01 PM UTC 2025 : /dev/sda1 est déjà monté.
Sat Apr 26 01:30:01 PM UTC 2025 : /dev/sda1 est déjà monté.
Sat Apr 26 01:35:01 PM UTC 2025 : /dev/sda1 est déjà monté.
Sat Apr 26 01:40:01 PM UTC 2025 : /dev/sda1 est déjà monté.
Sat Apr 26 01:45:01 PM UTC 2025 : /dev/sda1 est déjà monté.
Sat Apr 26 01:50:01 PM UTC 2025 : /dev/sda1 est déjà monté.
Sat Apr 26 01:55:01 PM UTC 2025 : /dev/sda1 est déjà monté.
Sat Apr 26 02:00:01 PM UTC 2025 : /dev/sda1 est déjà monté.
Sat Apr 26 02:05:01 PM UTC 2025 : /dev/sda1 est déjà monté.
Sat Apr 26 02:10:01 PM UTC 2025 : /dev/sda1 est déjà monté.
Sat Apr 26 02:15:01 PM UTC 2025 : /dev/sda1 est déjà monté.
Sat Apr 26 02:20:01 PM UTC 2025 : /dev/sda1 est déjà monté.
Sat Apr 26 02:25:01 PM UTC 2025 : /dev/sda1 est déjà monté.
Sat Apr 26 02:30:01 PM UTC 2025 : /dev/sda1 est déjà monté.
Sat Apr 26 02:35:01 PM UTC 2025 : /dev/sda1 est déjà monté.
Sat Apr 26 02:40:01 PM UTC 2025 : /dev/sda1 est déjà monté.
Sat Apr 26 02:45:01 PM UTC 2025 : /dev/sda1 est déjà monté.
Sat Apr 26 02:50:01 PM UTC 2025 : /dev/sda1 est déjà monté.
Sat Apr 26 02:55:01 PM UTC 2025 : /dev/sda1 est déjà monté.
Sat Apr 26 03:00:01 PM UTC 2025 : /dev/sda1 est déjà monté.
Sat Apr 26 03:05:01 PM UTC 2025 : /dev/sda1 est déjà monté.
Sat Apr 26 03:10:01 PM UTC 2025 : /dev/sda1 est déjà monté.
Sat Apr 26 03:15:01 PM UTC 2025 : /dev/sda1 est déjà monté.
Sat Apr 26 03:20:01 PM UTC 2025 : /dev/sda1 est déjà monté.
Sat Apr 26 03:25:01 PM UTC 2025 : /dev/sda1 est déjà monté.
Sat Apr 26 03:30:01 PM UTC 2025 : /dev/sda1 est déjà monté.
Sat Apr 26 03:35:01 PM UTC 2025 : /dev/sda1 est déjà monté.
Sat Apr 26 03:40:01 PM UTC 2025 : /dev/sda1 est déjà monté.
Sat Apr 26 03:45:01 PM UTC 2025 : /dev/sda1 est déjà monté.
Sat Apr 26 03:50:01 PM UTC 2025 : /dev/sda1 est déjà monté.
Sat Apr 26 03:55:02 PM UTC 2025 : /dev/sda1 est déjà monté.
Sat Apr 26 04:00:01 PM UTC 2025 : /dev/sda1 est déjà monté.
Sat Apr 26 04:05:01 PM UTC 2025 : /dev/sda1 est déjà monté.
Sat Apr 26 04:10:01 PM UTC 2025 : /dev/sda1 n'est pas monté, tentative de remontage...
Sat Apr 26 04:10:10 PM UTC 2025 : /dev/sda1 monté avec succès.
Sat Apr 26 04:15:01 PM UTC 2025 : /dev/sda1 est déjà monté.
Sat Apr 26 04:20:01 PM UTC 2025 : /dev/sda1 est déjà monté.
Sat Apr 26 04:25:01 PM UTC 2025 : /dev/sda1 n'est pas monté, tentative de remontage...
Sat Apr 26 04:25:02 PM UTC 2025 : /dev/sda1 monté avec succès.
Sat Apr 26 04:30:01 PM UTC 2025 : /dev/sda1 est déjà monté.
Sat Apr 26 04:35:01 PM UTC 2025 : /dev/sda1 est déjà monté.
Sat Apr 26 04:40:01 PM UTC 2025 : /dev/sda1 est déjà monté.
Sat Apr 26 04:45:01 PM UTC 2025 : /dev/sda1 est déjà monté.
Sat Apr 26 04:50:01 PM UTC 2025 : /dev/sda1 est déjà monté.
Sat Apr 26 04:55:01 PM UTC 2025 : /dev/sda1 est déjà monté.
Sat Apr 26 05:00:01 PM UTC 2025 : /dev/sda1 est déjà monté.
Sat Apr 26 05:05:01 PM UTC 2025 : /dev/sda1 est déjà monté.
Sat Apr 26 05:10:01 PM UTC 2025 : /dev/sda1 est déjà monté.
Sat Apr 26 05:15:01 PM UTC 2025 : /dev/sda1 est déjà monté.
Sat Apr 26 05:20:01 PM UTC 2025 : /dev/sda1 est déjà monté.
Sat Apr 26 05:25:01 PM UTC 2025 : /dev/sda1 est déjà monté.
Sat Apr 26 05:30:01 PM UTC 2025 : /dev/sda1 est déjà monté.
Sat Apr 26 05:35:01 PM UTC 2025 : /dev/sda1 est déjà monté.
Sat Apr 26 05:40:01 PM UTC 2025 : /dev/sda1 est déjà monté.
Sat Apr 26 05:45:01 PM UTC 2025 : /dev/sda1 est déjà monté.
Sat Apr 26 05:50:01 PM UTC 2025 : /dev/sda1 est déjà monté.
Sat Apr 26 05:55:01 PM UTC 2025 : /dev/sda1 est déjà monté.
Sat Apr 26 06:00:01 PM UTC 2025 : /dev/sda1 est déjà monté.
Sat Apr 26 06:05:01 PM UTC 2025 : /dev/sda1 est déjà monté.
Sat Apr 26 06:10:01 PM UTC 2025 : /dev/sda1 est déjà monté.
Sat Apr 26 06:15:01 PM UTC 2025 : /dev/sda1 est déjà monté.
Sat Apr 26 06:20:01 PM UTC 2025 : /dev/sda1 est déjà monté.
Sat Apr 26 06:25:01 PM UTC 2025 : /dev/sda1 est déjà monté.
Sat Apr 26 06:30:01 PM UTC 2025 : /dev/sda1 est déjà monté.
Sat Apr 26 06:35:01 PM UTC 2025 : /dev/sda1 est déjà monté.
Sat Apr 26 06:40:01 PM UTC 2025 : /dev/sda1 est déjà monté.
Sat Apr 26 06:45:01 PM UTC 2025 : /dev/sda1 est déjà monté.
Sat Apr 26 06:50:01 PM UTC 2025 : /dev/sda1 est déjà monté.
Sat Apr 26 06:55:01 PM UTC 2025 : /dev/sda1 est déjà monté.
Sat Apr 26 07:00:01 PM UTC 2025 : /dev/sda1 est déjà monté.
Sat Apr 26 07:05:01 PM UTC 2025 : /dev/sda1 est déjà monté.
Sat Apr 26 07:10:01 PM UTC 2025 : /dev/sda1 est déjà monté.
Sat Apr 26 07:15:01 PM UTC 2025 : /dev/sda1 est déjà monté.
Sat Apr 26 07:20:01 PM UTC 2025 : /dev/sda1 est déjà monté.
Sat Apr 26 07:25:01 PM UTC 2025 : /dev/sda1 est déjà monté.
Sat Apr 26 07:30:02 PM UTC 2025 : /dev/sda1 est déjà monté.
Sat Apr 26 07:35:01 PM UTC 2025 : /dev/sda1 est déjà monté.
Sat Apr 26 07:40:01 PM UTC 2025 : /dev/sda1 est déjà monté.
Sat Apr 26 07:45:01 PM UTC 2025 : /dev/sda1 est déjà monté.
Sat Apr 26 07:50:01 PM UTC 2025 : /dev/sda1 est déjà monté.
Sat Apr 26 07:55:01 PM UTC 2025 : /dev/sda1 est déjà monté.
Sat Apr 26 08:00:01 PM UTC 2025 : /dev/sda1 est déjà monté.
Sat Apr 26 08:05:01 PM UTC 2025 : /dev/sda1 est déjà monté.
Sat Apr 26 08:10:01 PM UTC 2025 : /dev/sda1 est déjà monté.
Sat Apr 26 08:15:01 PM UTC 2025 : /dev/sda1 est déjà monté.
Sat Apr 26 08:20:01 PM UTC 2025 : /dev/sda1 est déjà monté.
Sat Apr 26 08:25:01 PM UTC 2025 : /dev/sda1 est déjà monté.
Sat Apr 26 08:30:01 PM UTC 2025 : /dev/sda1 est déjà monté.
Sat Apr 26 08:35:01 PM UTC 2025 : /dev/sda1 est déjà monté.
Sat Apr 26 08:40:01 PM UTC 2025 : /dev/sda1 est déjà monté.
Sat Apr 26 08:45:01 PM UTC 2025 : /dev/sda1 est déjà monté.
Sat Apr 26 08:50:01 PM UTC 2025 : /dev/sda1 est déjà monté.
Sat Apr 26 08:55:01 PM UTC 2025 : /dev/sda1 est déjà monté.
Sat Apr 26 09:00:01 PM UTC 2025 : /dev/sda1 est déjà monté.
Sat Apr 26 09:05:01 PM UTC 2025 : /dev/sda1 est déjà monté.
Sat Apr 26 09:10:01 PM UTC 2025 : /dev/sda1 est déjà monté.
Sat Apr 26 09:15:01 PM UTC 2025 : /dev/sda1 est déjà monté.
Sat Apr 26 09:20:01 PM UTC 2025 : /dev/sda1 est déjà monté.
Sat Apr 26 09:25:01 PM UTC 2025 : /dev/sda1 est déjà monté.
Sat Apr 26 09:30:01 PM UTC 2025 : /dev/sda1 est déjà monté.
Sat Apr 26 09:35:01 PM UTC 2025 : /dev/sda1 est déjà monté.
Sat Apr 26 09:40:01 PM UTC 2025 : /dev/sda1 est déjà monté.
Sat Apr 26 09:45:01 PM UTC 2025 : /dev/sda1 est déjà monté.
Sat Apr 26 09:50:01 PM UTC 2025 : /dev/sda1 est déjà monté.
Sat Apr 26 09:55:01 PM UTC 2025 : /dev/sda1 est déjà monté.
Sat Apr 26 10:00:01 PM UTC 2025 : /dev/sda1 est déjà monté.
Sat Apr 26 10:05:01 PM UTC 2025 : /dev/sda1 est déjà monté.
Sat Apr 26 10:10:01 PM UTC 2025 : /dev/sda1 est déjà monté.
Sat Apr 26 10:15:01 PM UTC 2025 : /dev/sda1 est déjà monté.
Sat Apr 26 10:20:01 PM UTC 2025 : /dev/sda1 est déjà monté.
Sat Apr 26 10:25:01 PM UTC 2025 : /dev/sda1 est déjà monté.
Sat Apr 26 10:30:01 PM UTC 2025 : /dev/sda1 est déjà monté.
Sat Apr 26 10:35:01 PM UTC 2025 : /dev/sda1 est déjà monté.
Sat Apr 26 10:40:01 PM UTC 2025 : /dev/sda1 est déjà monté.
Sat Apr 26 10:45:01 PM UTC 2025 : /dev/sda1 est déjà monté.
Sat Apr 26 10:50:01 PM UTC 2025 : /dev/sda1 est déjà monté.
Sat Apr 26 10:55:01 PM UTC 2025 : /dev/sda1 est déjà monté.
Sat Apr 26 11:00:01 PM UTC 2025 : /dev/sda1 est déjà monté.
Sat Apr 26 11:05:01 PM UTC 2025 : /dev/sda1 est déjà monté.
Sat Apr 26 11:10:01 PM UTC 2025 : /dev/sda1 est déjà monté.
Sat Apr 26 11:15:01 PM UTC 2025 : /dev/sda1 est déjà monté.
Sat Apr 26 11:20:01 PM UTC 2025 : /dev/sda1 est déjà monté.
Sat Apr 26 11:25:01 PM UTC 2025 : /dev/sda1 est déjà monté.
Sat Apr 26 11:30:01 PM UTC 2025 : /dev/sda1 est déjà monté.
Sat Apr 26 11:35:01 PM UTC 2025 : /dev/sda1 est déjà monté.
Sat Apr 26 11:40:02 PM UTC 2025 : /dev/sda1 est déjà monté.
Sat Apr 26 11:45:01 PM UTC 2025 : /dev/sda1 est déjà monté.
Sat Apr 26 11:50:01 PM UTC 2025 : /dev/sda1 est déjà monté.
Sat Apr 26 11:55:01 PM UTC 2025 : /dev/sda1 est déjà monté.
Sun Apr 27 12:00:01 AM UTC 2025 : /dev/sda1 est déjà monté.
Sun Apr 27 12:05:01 AM UTC 2025 : /dev/sda1 est déjà monté.
Sun Apr 27 12:10:01 AM UTC 2025 : /dev/sda1 est déjà monté.
Sun Apr 27 12:15:01 AM UTC 2025 : /dev/sda1 est déjà monté.
Sun Apr 27 12:20:01 AM UTC 2025 : /dev/sda1 est déjà monté.
Sun Apr 27 12:25:01 AM UTC 2025 : /dev/sda1 est déjà monté.
Sun Apr 27 12:30:01 AM UTC 2025 : /dev/sda1 est déjà monté.
Sun Apr 27 12:35:01 AM UTC 2025 : /dev/sda1 est déjà monté.
Sun Apr 27 12:40:01 AM UTC 2025 : /dev/sda1 est déjà monté.
Sun Apr 27 12:45:01 AM UTC 2025 : /dev/sda1 est déjà monté.
Sun Apr 27 12:50:01 AM UTC 2025 : /dev/sda1 est déjà monté.
Sun Apr 27 12:55:01 AM UTC 2025 : /dev/sda1 est déjà monté.
Sun Apr 27 01:00:01 AM UTC 2025 : /dev/sda1 est déjà monté.
Sun Apr 27 01:05:01 AM UTC 2025 : /dev/sda1 est déjà monté.
Sun Apr 27 01:10:01 AM UTC 2025 : /dev/sda1 est déjà monté.
Sun Apr 27 01:15:01 AM UTC 2025 : /dev/sda1 est déjà monté.
Sun Apr 27 01:20:01 AM UTC 2025 : /dev/sda1 est déjà monté.
Sun Apr 27 01:25:01 AM UTC 2025 : /dev/sda1 est déjà monté.
Sun Apr 27 01:30:01 AM UTC 2025 : /dev/sda1 est déjà monté.
Sun Apr 27 01:35:01 AM UTC 2025 : /dev/sda1 est déjà monté.
Sun Apr 27 01:40:01 AM UTC 2025 : /dev/sda1 est déjà monté.
Sun Apr 27 01:45:01 AM UTC 2025 : /dev/sda1 est déjà monté.
Sun Apr 27 01:50:01 AM UTC 2025 : /dev/sda1 est déjà monté.
Sun Apr 27 01:55:01 AM UTC 2025 : /dev/sda1 est déjà monté.
Sun Apr 27 02:00:01 AM UTC 2025 : /dev/sda1 est déjà monté.
Sun Apr 27 02:05:01 AM UTC 2025 : /dev/sda1 est déjà monté.
Sun Apr 27 02:10:01 AM UTC 2025 : /dev/sda1 est déjà monté.
Sun Apr 27 02:15:01 AM UTC 2025 : /dev/sda1 est déjà monté.
Sun Apr 27 02:20:01 AM UTC 2025 : /dev/sda1 est déjà monté.
Sun Apr 27 02:25:01 AM UTC 2025 : /dev/sda1 est déjà monté.
Sun Apr 27 02:30:01 AM UTC 2025 : /dev/sda1 est déjà monté.
Sun Apr 27 02:35:01 AM UTC 2025 : /dev/sda1 est déjà monté.
Sun Apr 27 02:40:01 AM UTC 2025 : /dev/sda1 est déjà monté.
Sun Apr 27 02:45:01 AM UTC 2025 : /dev/sda1 est déjà monté.
Sun Apr 27 02:50:01 AM UTC 2025 : /dev/sda1 est déjà monté.
Sun Apr 27 02:55:01 AM UTC 2025 : /dev/sda1 est déjà monté.
Sun Apr 27 03:00:01 AM UTC 2025 : /dev/sda1 est déjà monté.
Sun Apr 27 03:05:01 AM UTC 2025 : /dev/sda1 est déjà monté.
Sun Apr 27 03:10:01 AM UTC 2025 : /dev/sda1 est déjà monté.
Sun Apr 27 03:15:01 AM UTC 2025 : /dev/sda1 est déjà monté.
Sun Apr 27 03:20:01 AM UTC 2025 : /dev/sda1 est déjà monté.
Sun Apr 27 03:25:01 AM UTC 2025 : /dev/sda1 est déjà monté.
Sun Apr 27 03:30:01 AM UTC 2025 : /dev/sda1 est déjà monté.
Sun Apr 27 03:35:01 AM UTC 2025 : /dev/sda1 est déjà monté.
Sun Apr 27 03:40:01 AM UTC 2025 : /dev/sda1 est déjà monté.
Sun Apr 27 03:45:01 AM UTC 2025 : /dev/sda1 est déjà monté.
Sun Apr 27 03:50:01 AM UTC 2025 : /dev/sda1 est déjà monté.
Sun Apr 27 03:55:01 AM UTC 2025 : /dev/sda1 est déjà monté.
Sun Apr 27 04:00:02 AM UTC 2025 : /dev/sda1 est déjà monté.
Sun Apr 27 04:05:01 AM UTC 2025 : /dev/sda1 est déjà monté.
Sun Apr 27 04:10:01 AM UTC 2025 : /dev/sda1 est déjà monté.
Sun Apr 27 04:15:01 AM UTC 2025 : /dev/sda1 est déjà monté.
Sun Apr 27 04:20:01 AM UTC 2025 : /dev/sda1 est déjà monté.
Sun Apr 27 04:25:01 AM UTC 2025 : /dev/sda1 est déjà monté.
Sun Apr 27 04:30:01 AM UTC 2025 : /dev/sda1 est déjà monté.
Sun Apr 27 04:35:01 AM UTC 2025 : /dev/sda1 est déjà monté.
Sun Apr 27 04:40:01 AM UTC 2025 : /dev/sda1 est déjà monté.
Sun Apr 27 04:45:01 AM UTC 2025 : /dev/sda1 est déjà monté.
Sun Apr 27 04:50:01 AM UTC 2025 : /dev/sda1 est déjà monté.
Sun Apr 27 04:55:01 AM UTC 2025 : /dev/sda1 est déjà monté.
Sun Apr 27 05:00:01 AM UTC 2025 : /dev/sda1 est déjà monté.
Sun Apr 27 05:05:01 AM UTC 2025 : /dev/sda1 est déjà monté.
Sun Apr 27 05:10:01 AM UTC 2025 : /dev/sda1 est déjà monté.
Sun Apr 27 05:15:01 AM UTC 2025 : /dev/sda1 est déjà monté.
Sun Apr 27 05:20:01 AM UTC 2025 : /dev/sda1 est déjà monté.
Sun Apr 27 05:25:01 AM UTC 2025 : /dev/sda1 est déjà monté.
Sun Apr 27 05:30:01 AM UTC 2025 : /dev/sda1 est déjà monté.
Sun Apr 27 05:35:01 AM UTC 2025 : /dev/sda1 est déjà monté.
Sun Apr 27 05:40:01 AM UTC 2025 : /dev/sda1 est déjà monté.
Sun Apr 27 05:45:01 AM UTC 2025 : /dev/sda1 est déjà monté.
Sun Apr 27 05:50:01 AM UTC 2025 : /dev/sda1 est déjà monté.
Sun Apr 27 05:55:01 AM UTC 2025 : /dev/sda1 est déjà monté.
Sun Apr 27 06:00:01 AM UTC 2025 : /dev/sda1 est déjà monté.
Sun Apr 27 06:05:01 AM UTC 2025 : /dev/sda1 est déjà monté.
Sun Apr 27 06:10:01 AM UTC 2025 : /dev/sda1 est déjà monté.
Sun Apr 27 06:15:01 AM UTC 2025 : /dev/sda1 est déjà monté.
Sun Apr 27 06:20:01 AM UTC 2025 : /dev/sda1 est déjà monté.
Sun Apr 27 06:25:01 AM UTC 2025 : /dev/sda1 est déjà monté.
Sun Apr 27 06:30:01 AM UTC 2025 : /dev/sda1 est déjà monté.
Sun Apr 27 06:35:01 AM UTC 2025 : /dev/sda1 est déjà monté.
Sun Apr 27 06:40:01 AM UTC 2025 : /dev/sda1 est déjà monté.
Sun Apr 27 06:45:01 AM UTC 2025 : /dev/sda1 est déjà monté.
Sun Apr 27 06:50:01 AM UTC 2025 : /dev/sda1 est déjà monté.
Sun Apr 27 06:55:01 AM UTC 2025 : /dev/sda1 est déjà monté.
Sun Apr 27 07:00:01 AM UTC 2025 : /dev/sda1 est déjà monté.
Sun Apr 27 07:05:01 AM UTC 2025 : /dev/sda1 est déjà monté.
Sun Apr 27 07:10:01 AM UTC 2025 : /dev/sda1 est déjà monté.
Sun Apr 27 07:15:01 AM UTC 2025 : /dev/sda1 est déjà monté.
Sun Apr 27 07:20:01 AM UTC 2025 : /dev/sda1 est déjà monté.
Sun Apr 27 07:25:01 AM UTC 2025 : /dev/sda1 est déjà monté.
Sun Apr 27 07:30:01 AM UTC 2025 : /dev/sda1 est déjà monté.
Sun Apr 27 07:35:01 AM UTC 2025 : /dev/sda1 est déjà monté.
Sun Apr 27 07:40:01 AM UTC 2025 : /dev/sda1 est déjà monté.
Sun Apr 27 07:45:01 AM UTC 2025 : /dev/sda1 est déjà monté.
Sun Apr 27 07:50:01 AM UTC 2025 : /dev/sda1 est déjà monté.
Sun Apr 27 07:55:01 AM UTC 2025 : /dev/sda1 est déjà monté.
Sun Apr 27 08:00:01 AM UTC 2025 : /dev/sda1 est déjà monté.
Sun Apr 27 08:05:01 AM UTC 2025 : /dev/sda1 est déjà monté.
Sun Apr 27 08:10:01 AM UTC 2025 : /dev/sda1 est déjà monté.
Sun Apr 27 08:15:01 AM UTC 2025 : /dev/sda1 est déjà monté.
Sun Apr 27 08:20:01 AM UTC 2025 : /dev/sda1 est déjà monté.
Sun Apr 27 08:25:02 AM UTC 2025 : /dev/sda1 est déjà monté.
Sun Apr 27 08:30:01 AM UTC 2025 : /dev/sda1 est déjà monté.
Sun Apr 27 08:35:01 AM UTC 2025 : /dev/sda1 est déjà monté.
Sun Apr 27 08:40:01 AM UTC 2025 : /dev/sda1 est déjà monté.
Sun Apr 27 08:45:01 AM UTC 2025 : /dev/sda1 est déjà monté.
Sun Apr 27 08:50:01 AM UTC 2025 : /dev/sda1 est déjà monté.
Sun Apr 27 08:55:01 AM UTC 2025 : /dev/sda1 est déjà monté.
Sun Apr 27 09:00:01 AM UTC 2025 : /dev/sda1 est déjà monté.
Sun Apr 27 09:05:01 AM UTC 2025 : /dev/sda1 est déjà monté.
Sun Apr 27 09:10:01 AM UTC 2025 : /dev/sda1 est déjà monté.
Sun Apr 27 09:15:01 AM UTC 2025 : /dev/sda1 est déjà monté.
Sun Apr 27 09:20:01 AM UTC 2025 : /dev/sda1 est déjà monté.
Sun Apr 27 09:25:01 AM UTC 2025 : /dev/sda1 est déjà monté.
Sun Apr 27 09:30:01 AM UTC 2025 : /dev/sda1 est déjà monté.
Sun Apr 27 09:35:01 AM UTC 2025 : /dev/sda1 est déjà monté.
Sun Apr 27 09:40:01 AM UTC 2025 : /dev/sda1 est déjà monté.
Sun Apr 27 09:45:01 AM UTC 2025 : /dev/sda1 est déjà monté.
Sun Apr 27 09:50:01 AM UTC 2025 : /dev/sda1 est déjà monté.
Sun Apr 27 09:55:01 AM UTC 2025 : /dev/sda1 est déjà monté.
Sun Apr 27 10:00:01 AM UTC 2025 : /dev/sda1 est déjà monté.
Sun Apr 27 10:05:01 AM UTC 2025 : /dev/sda1 est déjà monté.
Sun Apr 27 10:10:01 AM UTC 2025 : /dev/sda1 est déjà monté.
Sun Apr 27 10:15:01 AM UTC 2025 : /dev/sda1 est déjà monté.
Sun Apr 27 10:20:01 AM UTC 2025 : /dev/sda1 est déjà monté.
Sun Apr 27 10:25:01 AM UTC 2025 : /dev/sda1 est déjà monté.
Sun Apr 27 10:30:01 AM UTC 2025 : /dev/sda1 est déjà monté.
Sun Apr 27 10:35:01 AM UTC 2025 : /dev/sda1 est déjà monté.
Sun Apr 27 10:40:01 AM UTC 2025 : /dev/sda1 est déjà monté.
Sun Apr 27 10:45:01 AM UTC 2025 : /dev/sda1 est déjà monté.
Sun Apr 27 10:50:01 AM UTC 2025 : /dev/sda1 est déjà monté.
Sun Apr 27 10:55:01 AM UTC 2025 : /dev/sda1 est déjà monté.
Sun Apr 27 11:00:01 AM UTC 2025 : /dev/sda1 est déjà monté.
Sun Apr 27 11:05:01 AM UTC 2025 : /dev/sda1 est déjà monté.
Sun Apr 27 11:10:01 AM UTC 2025 : /dev/sda1 est déjà monté.
Sun Apr 27 11:15:01 AM UTC 2025 : /dev/sda1 est déjà monté.
Sun Apr 27 11:20:01 AM UTC 2025 : /dev/sda1 est déjà monté.
Sun Apr 27 11:25:01 AM UTC 2025 : /dev/sda1 est déjà monté.
Sun Apr 27 11:30:01 AM UTC 2025 : /dev/sda1 est déjà monté.
Sun Apr 27 11:35:01 AM UTC 2025 : /dev/sda1 est déjà monté.
Sun Apr 27 11:40:01 AM UTC 2025 : /dev/sda1 est déjà monté.
Sun Apr 27 11:45:01 AM UTC 2025 : /dev/sda1 est déjà monté.
Sun Apr 27 11:50:01 AM UTC 2025 : /dev/sda1 est déjà monté.
Sun Apr 27 11:55:01 AM UTC 2025 : /dev/sda1 est déjà monté.
Sun Apr 27 12:00:01 PM UTC 2025 : /dev/sda1 est déjà monté.
Sun Apr 27 12:05:01 PM UTC 2025 : /dev/sda1 est déjà monté.
Sun Apr 27 12:10:01 PM UTC 2025 : /dev/sda1 est déjà monté.
Sun Apr 27 12:15:01 PM UTC 2025 : /dev/sda1 est déjà monté.
Sun Apr 27 12:20:01 PM UTC 2025 : /dev/sda1 est déjà monté.
Sun Apr 27 12:25:01 PM UTC 2025 : /dev/sda1 est déjà monté.
Sun Apr 27 12:30:01 PM UTC 2025 : /dev/sda1 est déjà monté.
Sun Apr 27 12:35:01 PM UTC 2025 : /dev/sda1 est déjà monté.
Sun Apr 27 12:40:01 PM UTC 2025 : /dev/sda1 est déjà monté.
Sun Apr 27 12:45:01 PM UTC 2025 : /dev/sda1 est déjà monté.
Sun Apr 27 12:50:01 PM UTC 2025 : /dev/sda1 est déjà monté.
Sun Apr 27 12:55:01 PM UTC 2025 : /dev/sda1 est déjà monté.
Sun Apr 27 01:00:02 PM UTC 2025 : /dev/sda1 est déjà monté.
Sun Apr 27 01:05:01 PM UTC 2025 : /dev/sda1 est déjà monté.
Sun Apr 27 01:10:01 PM UTC 2025 : /dev/sda1 est déjà monté.
Sun Apr 27 01:15:01 PM UTC 2025 : /dev/sda1 est déjà monté.
Sun Apr 27 01:20:01 PM UTC 2025 : /dev/sda1 est déjà monté.
Sun Apr 27 01:25:01 PM UTC 2025 : /dev/sda1 est déjà monté.
Sun Apr 27 01:30:01 PM UTC 2025 : /dev/sda1 est déjà monté.
Sun Apr 27 01:35:01 PM UTC 2025 : /dev/sda1 est déjà monté.
Sun Apr 27 01:40:01 PM UTC 2025 : /dev/sda1 est déjà monté.
Sun Apr 27 01:45:01 PM UTC 2025 : /dev/sda1 est déjà monté.
Sun Apr 27 01:50:01 PM UTC 2025 : /dev/sda1 est déjà monté.
Sun Apr 27 01:55:01 PM UTC 2025 : /dev/sda1 est déjà monté.
Sun Apr 27 02:00:01 PM UTC 2025 : /dev/sda1 est déjà monté.
Sun Apr 27 02:05:01 PM UTC 2025 : /dev/sda1 est déjà monté.
Sun Apr 27 02:10:01 PM UTC 2025 : /dev/sda1 est déjà monté.
Sun Apr 27 02:15:01 PM UTC 2025 : /dev/sda1 est déjà monté.
Sun Apr 27 02:20:01 PM UTC 2025 : /dev/sda1 est déjà monté.
Sun Apr 27 02:25:01 PM UTC 2025 : /dev/sda1 est déjà monté.
Sun Apr 27 02:30:01 PM UTC 2025 : /dev/sda1 est déjà monté.
Sun Apr 27 02:35:01 PM UTC 2025 : /dev/sda1 est déjà monté.
Sun Apr 27 02:40:01 PM UTC 2025 : /dev/sda1 est déjà monté.
Sun Apr 27 02:45:01 PM UTC 2025 : /dev/sda1 est déjà monté.
Sun Apr 27 02:50:01 PM UTC 2025 : /dev/sda1 est déjà monté.
Sun Apr 27 02:55:01 PM UTC 2025 : /dev/sda1 est déjà monté.
Sun Apr 27 03:00:01 PM UTC 2025 : /dev/sda1 est déjà monté.
Sun Apr 27 03:05:01 PM UTC 2025 : /dev/sda1 est déjà monté.
Sun Apr 27 03:10:01 PM UTC 2025 : /dev/sda1 est déjà monté.
Sun Apr 27 03:15:01 PM UTC 2025 : /dev/sda1 est déjà monté.
Sun Apr 27 03:20:01 PM UTC 2025 : /dev/sda1 est déjà monté.
Sun Apr 27 03:25:01 PM UTC 2025 : /dev/sda1 est déjà monté.
Sun Apr 27 03:30:01 PM UTC 2025 : /dev/sda1 est déjà monté.
Sun Apr 27 03:40:01 PM UTC 2025 : /dev/sda1 est déjà monté.
Sun Apr 27 03:45:01 PM UTC 2025 : /dev/sda1 est déjà monté.
Sun Apr 27 03:50:01 PM UTC 2025 : /dev/sda1 est déjà monté.
Sun Apr 27 03:55:01 PM UTC 2025 : /dev/sda1 est déjà monté.
Sun Apr 27 04:00:01 PM UTC 2025 : /dev/sda1 est déjà monté.
Sun Apr 27 04:05:01 PM UTC 2025 : /dev/sda1 est déjà monté.
Sun Apr 27 04:10:02 PM UTC 2025 : /dev/sda1 est déjà monté.
Sun Apr 27 04:15:01 PM UTC 2025 : /dev/sda1 est déjà monté.
Sun Apr 27 04:20:01 PM UTC 2025 : /dev/sda1 est déjà monté.
Sun Apr 27 04:25:01 PM UTC 2025 : /dev/sda1 est déjà monté.
Sun Apr 27 04:30:01 PM UTC 2025 : /dev/sda1 est déjà monté.
Sun Apr 27 04:35:01 PM UTC 2025 : /dev/sda1 est déjà monté.
Sun Apr 27 04:36:10 PM UTC 2025 : /dev/sda1 est déjà monté.
Sun Apr 27 04:36:13 PM UTC 2025 : /dev/sda1 est déjà monté.
Sun Apr 27 04:40:01 PM UTC 2025 : /dev/sda1 est déjà monté.
Sun Apr 27 04:45:01 PM UTC 2025 : /dev/sda1 est déjà monté.
Sun Apr 27 04:50:01 PM UTC 2025 : /dev/sda1 est déjà monté.
Sun Apr 27 04:55:01 PM UTC 2025 : /dev/sda1 est déjà monté.
Sun Apr 27 05:00:01 PM UTC 2025 : /dev/sda1 est déjà monté.
Sun Apr 27 05:05:01 PM UTC 2025 : /dev/sda1 est déjà monté.
Sun Apr 27 05:10:01 PM UTC 2025 : /dev/sda1 est déjà monté.
Sun Apr 27 05:15:01 PM UTC 2025 : /dev/sda1 est déjà monté.
Sun Apr 27 05:20:01 PM UTC 2025 : /dev/sda1 est déjà monté.
Sun Apr 27 05:25:01 PM UTC 2025 : /dev/sda1 est déjà monté.
Sun Apr 27 05:30:01 PM UTC 2025 : /dev/sda1 est déjà monté.
Sun Apr 27 05:35:01 PM UTC 2025 : /dev/sda1 est déjà monté.
Sun Apr 27 05:40:01 PM UTC 2025 : /dev/sda1 est déjà monté.
Sun Apr 27 05:45:01 PM UTC 2025 : /dev/sda1 est déjà monté.
Sun Apr 27 05:50:01 PM UTC 2025 : /dev/sda1 est déjà monté.
Sun Apr 27 05:55:01 PM UTC 2025 : /dev/sda1 est déjà monté.
Sun Apr 27 06:00:01 PM UTC 2025 : /dev/sda1 est déjà monté.
Sun Apr 27 06:05:01 PM UTC 2025 : /dev/sda1 est déjà monté.
Sun Apr 27 06:10:01 PM UTC 2025 : /dev/sda1 est déjà monté.
Sun Apr 27 06:15:01 PM UTC 2025 : /dev/sda1 est déjà monté.
Sun Apr 27 06:20:01 PM UTC 2025 : /dev/sda1 est déjà monté.
Sun Apr 27 06:25:01 PM UTC 2025 : /dev/sda1 est déjà monté.
Sun Apr 27 06:30:01 PM UTC 2025 : /dev/sda1 est déjà monté.
Sun Apr 27 06:35:01 PM UTC 2025 : /dev/sda1 est déjà monté.
Sun Apr 27 06:40:01 PM UTC 2025 : /dev/sda1 est déjà monté.
Sun Apr 27 06:45:01 PM UTC 2025 : /dev/sda1 est déjà monté.
Sun Apr 27 06:50:01 PM UTC 2025 : /dev/sda1 est déjà monté.
Sun Apr 27 06:55:01 PM UTC 2025 : /dev/sda1 est déjà monté.
Sun Apr 27 07:00:01 PM UTC 2025 : /dev/sda1 est déjà monté.
Sun Apr 27 07:05:01 PM UTC 2025 : /dev/sda1 est déjà monté.
Sun Apr 27 07:10:01 PM UTC 2025 : /dev/sdd1 est déjà monté.
Sun Apr 27 07:15:01 PM UTC 2025 : /dev/sdd1 est déjà monté.
Sun Apr 27 07:20:01 PM UTC 2025 : /dev/sdd1 est déjà monté.
Sun Apr 27 07:25:01 PM UTC 2025 : /dev/sdd1 est déjà monté.
Sun Apr 27 07:30:01 PM UTC 2025 : /dev/sdd1 est déjà monté.
Sun Apr 27 07:35:01 PM UTC 2025 : /dev/sdd1 est déjà monté.
Sun Apr 27 07:40:01 PM UTC 2025 : /dev/sdd1 est déjà monté.
Sun Apr 27 07:45:01 PM UTC 2025 : /dev/sdd1 est déjà monté.
Sun Apr 27 07:50:01 PM UTC 2025 : /dev/sdd1 est déjà monté.
Sun Apr 27 07:55:01 PM UTC 2025 : /dev/sdd1 est déjà monté.
Sun Apr 27 08:00:01 PM UTC 2025 : /dev/sdd1 est déjà monté.
Sun Apr 27 08:05:01 PM UTC 2025 : /dev/sdd1 est déjà monté.
Sun Apr 27 08:10:01 PM UTC 2025 : /dev/sdd1 est déjà monté.
Sun Apr 27 08:15:01 PM UTC 2025 : /dev/sdd1 est déjà monté.
Sun Apr 27 08:20:01 PM UTC 2025 : /dev/sdd1 est déjà monté.
Sun Apr 27 08:25:01 PM UTC 2025 : /dev/sdd1 est déjà monté.
Sun Apr 27 08:30:01 PM UTC 2025 : /dev/sdd1 est déjà monté.
Sun Apr 27 08:35:01 PM UTC 2025 : /dev/sdd1 est déjà monté.
Sun Apr 27 08:40:01 PM UTC 2025 : /dev/sdd1 est déjà monté.
Sun Apr 27 08:45:01 PM UTC 2025 : /dev/sdd1 est déjà monté.
Sun Apr 27 08:50:01 PM UTC 2025 : /dev/sdd1 est déjà monté.
Sun Apr 27 08:55:01 PM UTC 2025 : /dev/sdd1 est déjà monté.
Sun Apr 27 09:00:01 PM UTC 2025 : /dev/sdd1 est déjà monté.
Sun Apr 27 09:05:01 PM UTC 2025 : /dev/sdd1 est déjà monté.
Sun Apr 27 09:10:02 PM UTC 2025 : /dev/sdd1 est déjà monté.
Sun Apr 27 09:15:01 PM UTC 2025 : /dev/sdd1 est déjà monté.
Sun Apr 27 09:20:01 PM UTC 2025 : /dev/sdd1 est déjà monté.
Sun Apr 27 09:25:01 PM UTC 2025 : /dev/sdd1 est déjà monté.
Sun Apr 27 09:30:01 PM UTC 2025 : /dev/sdd1 est déjà monté.
Sun Apr 27 09:32:35 PM UTC 2025 : /dev/sdd1 est déjà monté.
Sun Apr 27 09:32:40 PM UTC 2025 : /dev/sdd1 est déjà monté.
Sun Apr 27 09:33:43 PM UTC 2025 : /dev/sdd1 est déjà monté.
Sun Apr 27 09:35:01 PM UTC 2025 : /dev/sdd1 est déjà monté.
Sun Apr 27 09:40:01 PM UTC 2025 : /dev/sdd1 est déjà monté.
Sun Apr 27 09:45:01 PM UTC 2025 : /dev/sdd1 est déjà monté.
Sun Apr 27 09:50:01 PM UTC 2025 : /dev/sdd1 est déjà monté.
Sun Apr 27 09:55:01 PM UTC 2025 : /dev/sdd1 est déjà monté.
Sun Apr 27 10:00:01 PM UTC 2025 : /dev/sdd1 est déjà monté.
Sun Apr 27 10:05:01 PM UTC 2025 : /dev/sdd1 est déjà monté.
Sun Apr 27 10:10:01 PM UTC 2025 : /dev/sdd1 est déjà monté.
Sun Apr 27 10:15:01 PM UTC 2025 : /dev/sdd1 est déjà monté.
Sun Apr 27 10:20:01 PM UTC 2025 : /dev/sdd1 est déjà monté.
Sun Apr 27 10:25:01 PM UTC 2025 : /dev/sdd1 est déjà monté.
Sun Apr 27 10:30:01 PM UTC 2025 : /dev/sdd1 est déjà monté.
Sun Apr 27 10:35:01 PM UTC 2025 : /dev/sdd1 est déjà monté.
Sun Apr 27 10:40:01 PM UTC 2025 : /dev/sdd1 est déjà monté.
Sun Apr 27 10:45:01 PM UTC 2025 : /dev/sdd1 est déjà monté.
Sun Apr 27 10:50:01 PM UTC 2025 : /dev/sdd1 est déjà monté.
Sun Apr 27 10:55:01 PM UTC 2025 : /dev/sdd1 est déjà monté.
Sun Apr 27 11:00:01 PM UTC 2025 : /dev/sdd1 est déjà monté.
Sun Apr 27 11:05:01 PM UTC 2025 : /dev/sdd1 est déjà monté.
Sun Apr 27 11:10:01 PM UTC 2025 : /dev/sdd1 est déjà monté.
Sun Apr 27 11:15:01 PM UTC 2025 : /dev/sdd1 est déjà monté.
Sun Apr 27 11:20:01 PM UTC 2025 : /dev/sdd1 est déjà monté.
Sun Apr 27 11:25:01 PM UTC 2025 : /dev/sdd1 est déjà monté.
Sun Apr 27 11:30:01 PM UTC 2025 : /dev/sdd1 est déjà monté.
Sun Apr 27 11:35:01 PM UTC 2025 : /dev/sdd1 est déjà monté.
Sun Apr 27 11:40:01 PM UTC 2025 : /dev/sdd1 est déjà monté.
Sun Apr 27 11:45:01 PM UTC 2025 : /dev/sdd1 est déjà monté.
Sun Apr 27 11:50:01 PM UTC 2025 : /dev/sdd1 est déjà monté.
Sun Apr 27 11:55:01 PM UTC 2025 : /dev/sdd1 est déjà monté.
Mon Apr 28 12:00:01 AM UTC 2025 : /dev/sdd1 est déjà monté.
Mon Apr 28 12:05:01 AM UTC 2025 : /dev/sdd1 est déjà monté.
Mon Apr 28 12:10:01 AM UTC 2025 : /dev/sdd1 est déjà monté.
Mon Apr 28 12:15:01 AM UTC 2025 : /dev/sdd1 est déjà monté.
Mon Apr 28 12:20:01 AM UTC 2025 : /dev/sdd1 est déjà monté.
Mon Apr 28 12:25:01 AM UTC 2025 : /dev/sdd1 est déjà monté.
Mon Apr 28 12:30:01 AM UTC 2025 : /dev/sdd1 est déjà monté.
Mon Apr 28 12:35:01 AM UTC 2025 : /dev/sdd1 est déjà monté.
Mon Apr 28 12:40:01 AM UTC 2025 : /dev/sdd1 est déjà monté.
Mon Apr 28 12:45:01 AM UTC 2025 : /dev/sdd1 est déjà monté.
Mon Apr 28 12:50:01 AM UTC 2025 : /dev/sdd1 est déjà monté.
Mon Apr 28 12:55:01 AM UTC 2025 : /dev/sdd1 est déjà monté.
Mon Apr 28 01:00:01 AM UTC 2025 : /dev/sdd1 est déjà monté.
Mon Apr 28 01:05:01 AM UTC 2025 : /dev/sdd1 est déjà monté.
Mon Apr 28 01:10:01 AM UTC 2025 : /dev/sdd1 est déjà monté.
Mon Apr 28 01:15:01 AM UTC 2025 : /dev/sdd1 est déjà monté.
Mon Apr 28 01:20:01 AM UTC 2025 : /dev/sdd1 est déjà monté.
Mon Apr 28 01:25:01 AM UTC 2025 : /dev/sdd1 est déjà monté.
Mon Apr 28 01:30:01 AM UTC 2025 : /dev/sdd1 est déjà monté.
Mon Apr 28 01:35:01 AM UTC 2025 : /dev/sdd1 est déjà monté.
Mon Apr 28 01:40:01 AM UTC 2025 : /dev/sdd1 est déjà monté.
Mon Apr 28 01:45:01 AM UTC 2025 : /dev/sdd1 est déjà monté.
Mon Apr 28 01:50:01 AM UTC 2025 : /dev/sdd1 est déjà monté.
Mon Apr 28 01:55:01 AM UTC 2025 : /dev/sdd1 est déjà monté.
Mon Apr 28 02:00:01 AM UTC 2025 : /dev/sdd1 est déjà monté.
Mon Apr 28 02:05:01 AM UTC 2025 : /dev/sdd1 est déjà monté.
Mon Apr 28 02:10:01 AM UTC 2025 : /dev/sdd1 est déjà monté.
Mon Apr 28 02:15:01 AM UTC 2025 : /dev/sdd1 est déjà monté.
Mon Apr 28 02:20:01 AM UTC 2025 : /dev/sdd1 est déjà monté.
Mon Apr 28 02:25:01 AM UTC 2025 : /dev/sdd1 est déjà monté.
Mon Apr 28 02:30:01 AM UTC 2025 : /dev/sdd1 est déjà monté.
Mon Apr 28 02:35:01 AM UTC 2025 : /dev/sdd1 est déjà monté.
Mon Apr 28 02:40:01 AM UTC 2025 : /dev/sdd1 est déjà monté.
Mon Apr 28 02:45:01 AM UTC 2025 : /dev/sdd1 est déjà monté.
Mon Apr 28 02:50:01 AM UTC 2025 : /dev/sdd1 est déjà monté.
Mon Apr 28 02:55:01 AM UTC 2025 : /dev/sdd1 est déjà monté.
Mon Apr 28 03:00:01 AM UTC 2025 : /dev/sdd1 est déjà monté.
Mon Apr 28 03:05:01 AM UTC 2025 : /dev/sdd1 est déjà monté.
Mon Apr 28 03:10:01 AM UTC 2025 : /dev/sdd1 est déjà monté.
Mon Apr 28 03:15:01 AM UTC 2025 : /dev/sdd1 est déjà monté.
Mon Apr 28 03:20:01 AM UTC 2025 : /dev/sdd1 est déjà monté.
Mon Apr 28 03:25:01 AM UTC 2025 : /dev/sdd1 est déjà monté.
Mon Apr 28 03:30:01 AM UTC 2025 : /dev/sdd1 est déjà monté.
Mon Apr 28 03:35:01 AM UTC 2025 : /dev/sdd1 est déjà monté.
Mon Apr 28 03:40:01 AM UTC 2025 : /dev/sdd1 est déjà monté.
Mon Apr 28 03:45:01 AM UTC 2025 : /dev/sdd1 est déjà monté.
Mon Apr 28 03:50:01 AM UTC 2025 : /dev/sdd1 est déjà monté.
Mon Apr 28 03:55:01 AM UTC 2025 : /dev/sdd1 est déjà monté.
Mon Apr 28 04:00:01 AM UTC 2025 : /dev/sdd1 est déjà monté.
Mon Apr 28 04:05:01 AM UTC 2025 : /dev/sdd1 est déjà monté.
Mon Apr 28 04:10:01 AM UTC 2025 : /dev/sdd1 est déjà monté.
Mon Apr 28 04:15:02 AM UTC 2025 : /dev/sdd1 est déjà monté.
Mon Apr 28 04:20:01 AM UTC 2025 : /dev/sdd1 est déjà monté.
Mon Apr 28 04:25:01 AM UTC 2025 : /dev/sdd1 est déjà monté.
Mon Apr 28 04:30:01 AM UTC 2025 : /dev/sdd1 est déjà monté.
Mon Apr 28 04:35:01 AM UTC 2025 : /dev/sdd1 est déjà monté.
Mon Apr 28 04:40:01 AM UTC 2025 : /dev/sdd1 est déjà monté.
Mon Apr 28 04:45:01 AM UTC 2025 : /dev/sdd1 est déjà monté.
Mon Apr 28 04:50:01 AM UTC 2025 : /dev/sdd1 est déjà monté.
Mon Apr 28 04:55:01 AM UTC 2025 : /dev/sdd1 est déjà monté.
Mon Apr 28 05:00:01 AM UTC 2025 : /dev/sdd1 est déjà monté.
Mon Apr 28 05:05:01 AM UTC 2025 : /dev/sdd1 est déjà monté.
Mon Apr 28 05:10:01 AM UTC 2025 : /dev/sdd1 est déjà monté.
Mon Apr 28 05:15:01 AM UTC 2025 : /dev/sdd1 est déjà monté.
Mon Apr 28 05:20:01 AM UTC 2025 : /dev/sdd1 est déjà monté.
Mon Apr 28 05:25:01 AM UTC 2025 : /dev/sdd1 est déjà monté.
Mon Apr 28 05:30:01 AM UTC 2025 : /dev/sdd1 est déjà monté.
Mon Apr 28 05:35:01 AM UTC 2025 : /dev/sdd1 est déjà monté.
Mon Apr 28 05:40:01 AM UTC 2025 : /dev/sdd1 est déjà monté.
Mon Apr 28 05:45:01 AM UTC 2025 : /dev/sdd1 est déjà monté.
Mon Apr 28 05:50:01 AM UTC 2025 : /dev/sdd1 est déjà monté.
Mon Apr 28 05:55:01 AM UTC 2025 : /dev/sdd1 est déjà monté.
Mon Apr 28 06:00:01 AM UTC 2025 : /dev/sdd1 est déjà monté.
Mon Apr 28 06:05:01 AM UTC 2025 : /dev/sdd1 est déjà monté.
Mon Apr 28 06:10:01 AM UTC 2025 : /dev/sdd1 est déjà monté.
Mon Apr 28 06:15:01 AM UTC 2025 : /dev/sdd1 est déjà monté.
Mon Apr 28 06:20:01 AM UTC 2025 : /dev/sdd1 est déjà monté.
Mon Apr 28 06:25:01 AM UTC 2025 : /dev/sdd1 est déjà monté.
Mon Apr 28 06:30:01 AM UTC 2025 : /dev/sdd1 est déjà monté.
Mon Apr 28 06:35:01 AM UTC 2025 : /dev/sdd1 est déjà monté.
Mon Apr 28 06:40:01 AM UTC 2025 : /dev/sdd1 est déjà monté.
Mon Apr 28 06:45:01 AM UTC 2025 : /dev/sdd1 est déjà monté.
Mon Apr 28 06:50:01 AM UTC 2025 : /dev/sdd1 est déjà monté.
Mon Apr 28 06:55:01 AM UTC 2025 : /dev/sdd1 est déjà monté.
Mon Apr 28 07:00:01 AM UTC 2025 : /dev/sdd1 est déjà monté.
Mon Apr 28 07:05:01 AM UTC 2025 : /dev/sdd1 est déjà monté.
Mon Apr 28 07:10:01 AM UTC 2025 : /dev/sdd1 est déjà monté.
Mon Apr 28 07:15:01 AM UTC 2025 : /dev/sdd1 est déjà monté.
Mon Apr 28 07:20:01 AM UTC 2025 : /dev/sdd1 est déjà monté.
Mon Apr 28 07:25:01 AM UTC 2025 : /dev/sdd1 est déjà monté.
Mon Apr 28 07:30:01 AM UTC 2025 : /dev/sdd1 est déjà monté.
Mon Apr 28 07:35:01 AM UTC 2025 : /dev/sdd1 est déjà monté.
Mon Apr 28 07:40:01 AM UTC 2025 : /dev/sdd1 est déjà monté.
Mon Apr 28 07:45:01 AM UTC 2025 : /dev/sdd1 est déjà monté.
Mon Apr 28 07:50:01 AM UTC 2025 : /dev/sdd1 est déjà monté.
Mon Apr 28 07:55:01 AM UTC 2025 : /dev/sdd1 est déjà monté.
Mon Apr 28 08:00:01 AM UTC 2025 : /dev/sdd1 est déjà monté.
Mon Apr 28 08:05:01 AM UTC 2025 : /dev/sdd1 est déjà monté.
Mon Apr 28 08:10:01 AM UTC 2025 : /dev/sdd1 est déjà monté.
Mon Apr 28 08:15:01 AM UTC 2025 : /dev/sdd1 est déjà monté.
Mon Apr 28 08:20:01 AM UTC 2025 : /dev/sdd1 est déjà monté.
Mon Apr 28 08:25:01 AM UTC 2025 : /dev/sdd1 est déjà monté.
Mon Apr 28 08:30:01 AM UTC 2025 : /dev/sdd1 est déjà monté.
Mon Apr 28 08:35:01 AM UTC 2025 : /dev/sdd1 est déjà monté.
Mon Apr 28 08:40:01 AM UTC 2025 : /dev/sdd1 est déjà monté.
Mon Apr 28 08:45:01 AM UTC 2025 : /dev/sdd1 est déjà monté.
Mon Apr 28 08:50:01 AM UTC 2025 : /dev/sdd1 est déjà monté.
Mon Apr 28 08:55:01 AM UTC 2025 : /dev/sdd1 est déjà monté.
Mon Apr 28 09:00:02 AM UTC 2025 : /dev/sdd1 est déjà monté.
Mon Apr 28 09:05:01 AM UTC 2025 : /dev/sdd1 est déjà monté.
Mon Apr 28 09:10:01 AM UTC 2025 : /dev/sdd1 est déjà monté.
Mon Apr 28 09:15:01 AM UTC 2025 : /dev/sdd1 est déjà monté.
Mon Apr 28 09:20:01 AM UTC 2025 : /dev/sdd1 est déjà monté.
Mon Apr 28 09:25:01 AM UTC 2025 : /dev/sdd1 est déjà monté.
Mon Apr 28 09:30:01 AM UTC 2025 : /dev/sdd1 est déjà monté.
Mon Apr 28 09:35:01 AM UTC 2025 : /dev/sdd1 est déjà monté.
Mon Apr 28 09:40:01 AM UTC 2025 : /dev/sdd1 est déjà monté.
Mon Apr 28 09:45:01 AM UTC 2025 : /dev/sdd1 est déjà monté.
Mon Apr 28 09:50:01 AM UTC 2025 : /dev/sdd1 est déjà monté.
Mon Apr 28 09:55:01 AM UTC 2025 : /dev/sdd1 est déjà monté.
Mon Apr 28 10:00:01 AM UTC 2025 : /dev/sdd1 est déjà monté.
Mon Apr 28 10:05:01 AM UTC 2025 : /dev/sdd1 est déjà monté.
Mon Apr 28 10:10:01 AM UTC 2025 : /dev/sdd1 est déjà monté.
Mon Apr 28 10:15:01 AM UTC 2025 : /dev/sdd1 est déjà monté.
Mon Apr 28 10:20:01 AM UTC 2025 : /dev/sdd1 est déjà monté.
Mon Apr 28 10:25:01 AM UTC 2025 : /dev/sdd1 est déjà monté.
Mon Apr 28 10:30:01 AM UTC 2025 : /dev/sdd1 est déjà monté.
Mon Apr 28 10:35:01 AM UTC 2025 : /dev/sdd1 est déjà monté.
Mon Apr 28 10:40:01 AM UTC 2025 : /dev/sdd1 est déjà monté.
Mon Apr 28 10:45:01 AM UTC 2025 : /dev/sdd1 est déjà monté.
Mon Apr 28 10:50:01 AM UTC 2025 : /dev/sdd1 est déjà monté.
Mon Apr 28 10:55:01 AM UTC 2025 : /dev/sdd1 est déjà monté.
Mon Apr 28 11:00:01 AM UTC 2025 : /dev/sdd1 est déjà monté.
Mon Apr 28 11:05:01 AM UTC 2025 : /dev/sdd1 est déjà monté.
Mon Apr 28 11:10:01 AM UTC 2025 : /dev/sdd1 est déjà monté.
Mon Apr 28 11:15:01 AM UTC 2025 : /dev/sdd1 est déjà monté.
Mon Apr 28 11:20:01 AM UTC 2025 : /dev/sdd1 est déjà monté.
Mon Apr 28 11:25:01 AM UTC 2025 : /dev/sdd1 est déjà monté.
Mon Apr 28 11:30:01 AM UTC 2025 : /dev/sdd1 est déjà monté.
Mon Apr 28 11:35:01 AM UTC 2025 : /dev/sdd1 est déjà monté.
Mon Apr 28 11:40:01 AM UTC 2025 : /dev/sdd1 est déjà monté.
Mon Apr 28 11:45:01 AM UTC 2025 : /dev/sdd1 est déjà monté.
Mon Apr 28 11:50:01 AM UTC 2025 : /dev/sdd1 est déjà monté.
Mon Apr 28 11:55:01 AM UTC 2025 : /dev/sdd1 est déjà monté.
Mon Apr 28 12:00:01 PM UTC 2025 : /dev/sdd1 est déjà monté.
Mon Apr 28 12:05:01 PM UTC 2025 : /dev/sdd1 est déjà monté.
Mon Apr 28 12:10:01 PM UTC 2025 : /dev/sdd1 est déjà monté.
Mon Apr 28 12:15:01 PM UTC 2025 : /dev/sdd1 est déjà monté.
Mon Apr 28 12:20:01 PM UTC 2025 : /dev/sdd1 est déjà monté.
Mon Apr 28 12:25:01 PM UTC 2025 : /dev/sdd1 est déjà monté.
Mon Apr 28 12:30:01 PM UTC 2025 : /dev/sdd1 est déjà monté.
Mon Apr 28 12:35:01 PM UTC 2025 : /dev/sdd1 est déjà monté.
Mon Apr 28 12:45:01 PM UTC 2025 : /dev/sda1 est déjà monté.
Mon Apr 28 12:50:01 PM UTC 2025 : /dev/sda1 est déjà monté.
Mon Apr 28 12:55:01 PM UTC 2025 : /dev/sda1 est déjà monté.
Mon Apr 28 01:00:01 PM UTC 2025 : /dev/sda1 est déjà monté.
Mon Apr 28 01:05:02 PM UTC 2025 : /dev/sda1 est déjà monté.
Mon Apr 28 01:10:01 PM UTC 2025 : /dev/sda1 est déjà monté.
Mon Apr 28 01:15:01 PM UTC 2025 : /dev/sda1 est déjà monté.
Mon Apr 28 01:20:01 PM UTC 2025 : /dev/sda1 est déjà monté.
Mon Apr 28 01:25:01 PM UTC 2025 : /dev/sda1 est déjà monté.
