==================== Sat Apr 26 10:44:07 PM UTC 2025 ====================
🔄 Démarrage du backup...
2025/04/26 22:44:09 INFO  : Documents/alexis/École/._to_do.ods: Copied (new)
2025/04/26 22:44:10 INFO  : Pictures/alexis/Canon/Screenshot_20190505-150755_Snapchat.jpg: Copied (new)
2025/04/26 22:44:10 INFO  : Documents/alexis/École/101.odt: Copied (new)
2025/04/26 22:44:10 INFO  : Documents/alexis/École/ANGLAIS scientific woman.pptx: Copied (new)
2025/04/26 22:44:11 INFO  : Documents/alexis/École/CV Alexis LAFRANCE.odt: Copied (new)
2025/04/26 22:44:11 INFO  : Documents/alexis/École/CV.odt: Copied (new)
2025/04/26 22:44:11 INFO  : Documents/alexis/École/French police officer Arnaud Beltrame is being remembered as.mp4: Copied (new)
2025/04/26 22:44:11 INFO  : Documents/alexis/École/ISN Projets final.py: Copied (new)
2025/04/26 22:44:11 INFO  : Documents/alexis/École/LUGARES Y FORMAS DE PODER.odt: Copied (new)
2025/04/26 22:44:11 INFO  : Documents/alexis/École/42_papier.ods: Copied (new)
2025/04/26 22:44:13 INFO  : Documents/alexis/École/Places and forms of power.odt: Copied (new)
2025/04/26 22:44:13 INFO  : Documents/alexis/École/Myths and heroes.odt: Copied (new)
2025/04/26 22:44:14 INFO  : Documents/alexis/École/affiche espagnol.odt: Copied (new)
2025/04/26 22:44:15 INFO  : Documents/alexis/École/brevet Alexis LAFRANCE.jpg: Copied (new)
2025/04/26 22:44:15 INFO  : Documents/alexis/École/ds physique.pdf: Copied (new)
2025/04/26 22:44:15 INFO  : Documents/alexis/École/dut grenoble + aix + bts + licence.odt: Copied (new)
2025/04/26 22:44:16 INFO  : Documents/alexis/École/emploi_du_temps.pdf: Copied (new)
2025/04/26 22:44:16 INFO  : Documents/alexis/École/calcul densité.ods: Copied (new)
2025/04/26 22:44:17 INFO  : Documents/alexis/École/emploi_du_temps_Nath.png: Copied (new)
2025/04/26 22:44:17 INFO  : Documents/alexis/École/emploi_du_temps_Alex.png: Copied (new)
2025/04/26 22:44:18 INFO  : Documents/alexis/École/expose alexis et bastien.odp: Copied (new)
2025/04/26 22:44:18 INFO  : Documents/alexis/École/guia de la buena esposa.jpg: Copied (new)
2025/04/26 22:44:18 INFO  : Documents/alexis/École/histoire des science.odp: Copied (new)
2025/04/26 22:44:18 INFO  : Documents/alexis/École/ideas of progress.ods: Copied (new)
2025/04/26 22:44:19 INFO  : Documents/alexis/École/keen'v.odt: Copied (new)
2025/04/26 22:44:19 INFO  : Documents/alexis/École/lettre de motivation dut villeurbanne.odt: Copied (new)
2025/04/26 22:44:20 INFO  : Documents/alexis/École/espacios e intercambios.odt: Copied (new)
2025/04/26 22:44:21 INFO  : Documents/alexis/École/lugares y formas de poder alexis LAFRANCE.odt: Copied (new)
2025/04/26 22:44:21 INFO  : Documents/alexis/École/lettre de motivation pour fac.odt: Copied (new)
2025/04/26 22:44:21 INFO  : Documents/alexis/École/mitos y heroes.ods: Copied (new)
2025/04/26 22:44:21 INFO  : Documents/alexis/École/moby dick.odt: Copied (new)
2025/04/26 22:44:21 INFO  : Documents/alexis/École/mujeres al frente.jpg: Copied (new)
2025/04/26 22:44:22 INFO  : Documents/alexis/École/mitos y heroes flandin.odt: Copied (new)
2025/04/26 22:44:22 INFO  : Documents/alexis/École/papier_42.PNG: Copied (new)
2025/04/26 22:44:22 INFO  : Documents/alexis/École/to_do.ods: Copied (new)
2025/04/26 22:44:22 INFO  : Documents/alexis/École/win0-019(1).mov: Copied (new)
2025/04/26 22:44:22 INFO  : Documents/alexis/École/pref.odt: Copied (new)
2025/04/26 22:44:22 INFO  : Movies/Film/Dune Part Two (2024).eng.0.srt: Copied (new)
2025/04/26 22:44:23 INFO  : Movies/Film/Dune Part Two (2024).eng.srt: Copied (new)
2025/04/26 22:44:23 INFO  : Movies/Film/Dune Part Two (2024).fr.srt: Copied (new)
==================== Sun Apr 27 06:36:22 AM UTC 2025 ====================
🔄 Démarrage du backup...
2025/04/27 06:38:20 INFO  : Signal received: interrupt
2025/04/27 06:38:21 INFO  : Exiting...
✔ Backup terminé avec succès !
==================== Sun Apr 27 06:39:18 AM UTC 2025 ====================
🔄 Démarrage du backup...
✔ Backup terminé avec succès !
==================== Sun Apr 27 06:39:27 AM UTC 2025 ====================
🔄 Démarrage du backup...
✔ Backup terminé avec succès !
==================== Sun Apr 27 06:41:37 AM UTC 2025 ====================
🔄 Démarrage du backup...
✔ Backup terminé avec succès !
==================== Sun Apr 27 03:33:10 PM UTC 2025 ====================
🔄 Démarrage du backup...
==================== Sun Apr 27 03:36:32 PM UTC 2025 ====================
🔄 Démarrage du backup...
✔ Backup terminé avec succès !
==================== Sun Apr 27 04:36:34 PM UTC 2025 ====================
🔄 Démarrage du backup...
==================== Sun Apr 27 04:38:15 PM UTC 2025 ====================
🔄 Démarrage du backup...
✔ Backup terminé avec succès !
==================== Sun Apr 27 05:14:19 PM UTC 2025 ====================
🔄 Démarrage du backup...
==================== Sun Apr 27 05:14:26 PM UTC 2025 ====================
🔄 Démarrage du backup...
✔ Backup terminé avec succès !
==================== Mon Apr 28 12:38:44 PM UTC 2025 ====================
🔄 Démarrage du backup...
==================== Mon Apr 28 12:40:43 PM UTC 2025 ====================
🔄 Démarrage du backup...
✔ Backup terminé avec succès !
==================== Mon Apr 28 01:03:43 PM UTC 2025 ====================
🔄 Démarrage du backup...
✔ Backup terminé avec succès !
==================== Mon Apr 28 01:31:07 PM UTC 2025 ====================
🔄 Démarrage du backup...
==================== Mon Apr 28 01:33:35 PM UTC 2025 ====================
🔄 Démarrage du backup...
==================== Mon Apr 28 01:37:09 PM UTC 2025 ====================
🔄 Démarrage du backup...
==================== Mon Apr 28 01:48:01 PM UTC 2025 ====================
🔄 Démarrage du backup...
✔ Backup terminé avec succès !
==================== Mon Apr 28 01:52:21 PM UTC 2025 ====================
🔄 Démarrage du backup...
✔ Backup terminé avec succès !
==================== Mon Apr 28 01:55:17 PM UTC 2025 ====================
🔄 Démarrage du backup...
==================== Mon Apr 28 01:57:10 PM UTC 2025 ====================
🔄 Démarrage du backup...
==================== Mon Apr 28 01:57:39 PM UTC 2025 ====================
🔄 Démarrage du backup...
✔ Backup terminé avec succès !
